file inputs: ../benchmarks/case1.arch ../benchmarks/case1.module ../benchmarks/case1.net ../outputs/case1.floorplan
R, C, S, D and w_irl: 102 117 2 5 and 5
parser time: 0.000541784
Ini_time: 0.00195407
0: 
(0, 0): (3, 29) (4, 27) (7, 15) (12, 9) (22, 6) (42, 3) 
(0, 1): (3, 29) (7, 17) (12, 11) (22, 8) (42, 5) 
(0, 2): (3, 29) (4, 28) (7, 16) (12, 10) (22, 7) (42, 4) 
(0, 3): 
(0, 4): 
(1, 0): (3, 29) (4, 27) (7, 15) (12, 9) (22, 6) (42, 3) 
(1, 1): (3, 29) (7, 17) (12, 11) (22, 8) (42, 5) 
(1, 2): (3, 29) (4, 28) (7, 16) (12, 10) (22, 7) (42, 4) 
(1, 3): 
(1, 4): 
(2, 0): (3, 29) (4, 27) (7, 15) (12, 9) (22, 6) (42, 3) 
(2, 1): (3, 29) (7, 17) (12, 11) (22, 8) (42, 5) 
(2, 2): (3, 29) (4, 28) (7, 16) (12, 10) (22, 7) (42, 4) 
(2, 3): 
(2, 4): 

1: 
(0, 0): (1, 55) (2, 28) (3, 19) (4, 14) (5, 11) (6, 10) (8, 8) (9, 7) (11, 6) (13, 5) (16, 4) (23, 3) (34, 2) (68, 1) 
(0, 1): (1, 55) (2, 28) (3, 19) (4, 14) (5, 11) (6, 10) (8, 8) (9, 7) (11, 6) (13, 5) (16, 4) (23, 3) (34, 2) (68, 1) 
(0, 2): (1, 55) (2, 28) (3, 19) (4, 14) (5, 11) (6, 10) (8, 8) (9, 7) (11, 6) (13, 5) (16, 4) (23, 3) (34, 2) (68, 1) 
(0, 3): (1, 55) (2, 28) (3, 19) (4, 14) (5, 11) (6, 10) (8, 8) (9, 7) (11, 6) (13, 5) (16, 4) (23, 3) (34, 2) (68, 1) 
(0, 4): (1, 55) (2, 28) (3, 19) (4, 14) (5, 11) (6, 10) (8, 8) (9, 7) (11, 6) (13, 5) (16, 4) (23, 3) (34, 2) (68, 1) 
(1, 0): (1, 55) (2, 28) (3, 19) (4, 14) (5, 11) (6, 10) (8, 8) (9, 7) (11, 6) (13, 5) (16, 4) (23, 3) (34, 2) (68, 1) 
(1, 1): (1, 55) (2, 28) (3, 19) (4, 14) (5, 11) (6, 10) (8, 8) (9, 7) (11, 6) (13, 5) (16, 4) (23, 3) (34, 2) (68, 1) 
(1, 2): (1, 55) (2, 28) (3, 19) (4, 14) (5, 11) (6, 10) (8, 8) (9, 7) (11, 6) (13, 5) (16, 4) (23, 3) (34, 2) (68, 1) 
(1, 3): (1, 55) (2, 28) (3, 19) (4, 14) (5, 11) (6, 10) (8, 8) (9, 7) (11, 6) (13, 5) (16, 4) (23, 3) (34, 2) (68, 1) 
(1, 4): (1, 55) (2, 28) (3, 19) (4, 14) (5, 11) (6, 10) (8, 8) (9, 7) (11, 6) (13, 5) (16, 4) (23, 3) (34, 2) (68, 1) 
(2, 0): (1, 55) (2, 28) (3, 19) (4, 14) (5, 11) (6, 10) (8, 8) (9, 7) (11, 6) (13, 5) (16, 4) (23, 3) (34, 2) (68, 1) 
(2, 1): (1, 55) (2, 28) (3, 19) (4, 14) (5, 11) (6, 10) (8, 8) (9, 7) (11, 6) (13, 5) (16, 4) (23, 3) (34, 2) (68, 1) 
(2, 2): (1, 55) (2, 28) (3, 19) (4, 14) (5, 11) (6, 10) (8, 8) (9, 7) (11, 6) (13, 5) (16, 4) (23, 3) (34, 2) (68, 1) 
(2, 3): (1, 55) (2, 28) (3, 19) (4, 14) (5, 11) (6, 10) (8, 8) (9, 7) (11, 6) (13, 5) (16, 4) (23, 3) (34, 2) (68, 1) 
(2, 4): (1, 55) (2, 28) (3, 19) (4, 14) (5, 11) (6, 10) (8, 8) (9, 7) (11, 6) (13, 5) (16, 4) (23, 3) (34, 2) (68, 1) 

2: 
(0, 0): (1, 57) (2, 29) (3, 19) (4, 15) (5, 12) (6, 10) (8, 9) (9, 8) (10, 7) (11, 6) (14, 5) (18, 4) (23, 3) (35, 2) (70, 1) 
(0, 1): (1, 57) (2, 29) (3, 19) (4, 15) (5, 12) (6, 10) (8, 9) (9, 8) (10, 7) (11, 6) (14, 5) (18, 4) (23, 3) (35, 2) (70, 1) 
(0, 2): (1, 57) (2, 29) (3, 19) (4, 15) (5, 12) (6, 10) (8, 9) (9, 8) (10, 7) (11, 6) (14, 5) (18, 4) (23, 3) (35, 2) (70, 1) 
(0, 3): (1, 57) (2, 29) (3, 19) (4, 15) (5, 12) (6, 10) (8, 9) (9, 8) (10, 7) (11, 6) (14, 5) (18, 4) (23, 3) (35, 2) (70, 1) 
(0, 4): (1, 57) (2, 29) (3, 19) (4, 15) (5, 12) (6, 10) (8, 9) (9, 8) (10, 7) (11, 6) (14, 5) (18, 4) (23, 3) (35, 2) (70, 1) 
(1, 0): (1, 57) (2, 29) (3, 19) (4, 15) (5, 12) (6, 10) (8, 9) (9, 8) (10, 7) (11, 6) (14, 5) (18, 4) (23, 3) (35, 2) (70, 1) 
(1, 1): (1, 57) (2, 29) (3, 19) (4, 15) (5, 12) (6, 10) (8, 9) (9, 8) (10, 7) (11, 6) (14, 5) (18, 4) (23, 3) (35, 2) (70, 1) 
(1, 2): (1, 57) (2, 29) (3, 19) (4, 15) (5, 12) (6, 10) (8, 9) (9, 8) (10, 7) (11, 6) (14, 5) (18, 4) (23, 3) (35, 2) (70, 1) 
(1, 3): (1, 57) (2, 29) (3, 19) (4, 15) (5, 12) (6, 10) (8, 9) (9, 8) (10, 7) (11, 6) (14, 5) (18, 4) (23, 3) (35, 2) (70, 1) 
(1, 4): (1, 57) (2, 29) (3, 19) (4, 15) (5, 12) (6, 10) (8, 9) (9, 8) (10, 7) (11, 6) (14, 5) (18, 4) (23, 3) (35, 2) (70, 1) 
(2, 0): (1, 57) (2, 29) (3, 19) (4, 15) (5, 12) (6, 10) (8, 9) (9, 8) (10, 7) (11, 6) (14, 5) (18, 4) (23, 3) (35, 2) (70, 1) 
(2, 1): (1, 57) (2, 29) (3, 19) (4, 15) (5, 12) (6, 10) (8, 9) (9, 8) (10, 7) (11, 6) (14, 5) (18, 4) (23, 3) (35, 2) (70, 1) 
(2, 2): (1, 57) (2, 29) (3, 19) (4, 15) (5, 12) (6, 10) (8, 9) (9, 8) (10, 7) (11, 6) (14, 5) (18, 4) (23, 3) (35, 2) (70, 1) 
(2, 3): (1, 57) (2, 29) (3, 19) (4, 15) (5, 12) (6, 10) (8, 9) (9, 8) (10, 7) (11, 6) (14, 5) (18, 4) (23, 3) (35, 2) (70, 1) 
(2, 4): (1, 57) (2, 29) (3, 19) (4, 15) (5, 12) (6, 10) (8, 9) (9, 8) (10, 7) (11, 6) (14, 5) (18, 4) (23, 3) (35, 2) (70, 1) 

3: 
(0, 0): (3, 24) (7, 12) (12, 9) (17, 6) (37, 3) 
(0, 1): (3, 26) (7, 14) (12, 11) (17, 8) (37, 5) 
(0, 2): (3, 25) (7, 13) (12, 10) (17, 7) (37, 4) 
(0, 3): 
(0, 4): 
(1, 0): (3, 24) (7, 12) (12, 9) (17, 6) (37, 3) 
(1, 1): (3, 26) (7, 14) (12, 11) (17, 8) (37, 5) 
(1, 2): (3, 25) (7, 13) (12, 10) (17, 7) (37, 4) 
(1, 3): 
(1, 4): 
(2, 0): (3, 24) (7, 12) (12, 9) (17, 6) (37, 3) 
(2, 1): (3, 26) (7, 14) (12, 11) (17, 8) (37, 5) 
(2, 2): (3, 25) (7, 13) (12, 10) (17, 7) (37, 4) 
(2, 3): 
(2, 4): 

4: 
(0, 0): (3, 24) (7, 12) (12, 9) (17, 6) (37, 3) 
(0, 1): (7, 14) (12, 11) (17, 8) (37, 5) 
(0, 2): (7, 13) (12, 10) (17, 7) (37, 4) 
(0, 3): 
(0, 4): 
(1, 0): (3, 24) (7, 12) (12, 9) (17, 6) (37, 3) 
(1, 1): (7, 14) (12, 11) (17, 8) (37, 5) 
(1, 2): (7, 13) (12, 10) (17, 7) (37, 4) 
(1, 3): 
(1, 4): 
(2, 0): (3, 24) (7, 12) (12, 9) (17, 6) (37, 3) 
(2, 1): (7, 14) (12, 11) (17, 8) (37, 5) 
(2, 2): (7, 13) (12, 10) (17, 7) (37, 4) 
(2, 3): 
(2, 4): 

5: 
(0, 0): (3, 18) (4, 14) (5, 12) (7, 9) (8, 8) (9, 7) (10, 6) (17, 4) (21, 3) 
(0, 1): (3, 18) (4, 14) (7, 9) (8, 8) (17, 5) 
(0, 2): (3, 18) (4, 14) (5, 13) (7, 9) (8, 8) (9, 7) (17, 4) 
(0, 3): 
(0, 4): 
(1, 0): (3, 18) (4, 14) (5, 12) (7, 9) (8, 8) (9, 7) (10, 6) (17, 4) (21, 3) 
(1, 1): (3, 18) (4, 14) (7, 9) (8, 8) (17, 5) 
(1, 2): (3, 18) (4, 14) (5, 13) (7, 9) (8, 8) (9, 7) (17, 4) 
(1, 3): 
(1, 4): 
(2, 0): (3, 18) (4, 14) (5, 12) (7, 9) (8, 8) (9, 7) (10, 6) (17, 4) (21, 3) 
(2, 1): (3, 18) (4, 14) (7, 9) (8, 8) (17, 5) 
(2, 2): (3, 18) (4, 14) (5, 13) (7, 9) (8, 8) (9, 7) (17, 4) 
(2, 3): 
(2, 4): 

6: 
(0, 0): (3, 30) (7, 15) (12, 12) (17, 9) (22, 6) (47, 3) 
(0, 1): (3, 32) (7, 17) (12, 14) (17, 11) (22, 8) (47, 5) 
(0, 2): (3, 31) (7, 16) (12, 13) (17, 10) (22, 7) (47, 4) 
(0, 3): 
(0, 4): 
(1, 0): (3, 30) (7, 15) (12, 12) (17, 9) (22, 6) (47, 3) 
(1, 1): (3, 32) (7, 17) (12, 14) (17, 11) (22, 8) (47, 5) 
(1, 2): (3, 31) (7, 16) (12, 13) (17, 10) (22, 7) (47, 4) 
(1, 3): 
(1, 4): 
(2, 0): (3, 30) (7, 15) (12, 12) (17, 9) (22, 6) (47, 3) 
(2, 1): (3, 32) (7, 17) (12, 14) (17, 11) (22, 8) (47, 5) 
(2, 2): (3, 31) (7, 16) (12, 13) (17, 10) (22, 7) (47, 4) 
(2, 3): 
(2, 4): 

7: 
(0, 0): (3, 27) (7, 15) (12, 9) (22, 6) (42, 3) 
(0, 1): (7, 17) (12, 11) (22, 8) (42, 5) 
(0, 2): (7, 16) (12, 10) (22, 7) (42, 4) 
(0, 3): 
(0, 4): 
(1, 0): (3, 27) (7, 15) (12, 9) (22, 6) (42, 3) 
(1, 1): (7, 17) (12, 11) (22, 8) (42, 5) 
(1, 2): (7, 16) (12, 10) (22, 7) (42, 4) 
(1, 3): 
(1, 4): 
(2, 0): (3, 27) (7, 15) (12, 9) (22, 6) (42, 3) 
(2, 1): (7, 17) (12, 11) (22, 8) (42, 5) 
(2, 2): (7, 16) (12, 10) (22, 7) (42, 4) 
(2, 3): 
(2, 4): 

8: 
(0, 0): (3, 30) (7, 15) (12, 12) (17, 9) (22, 6) (47, 3) 
(0, 1): (3, 32) (7, 17) (12, 14) (17, 11) (22, 8) (47, 5) 
(0, 2): (3, 31) (7, 16) (12, 13) (17, 10) (22, 7) (47, 4) 
(0, 3): 
(0, 4): 
(1, 0): (3, 30) (7, 15) (12, 12) (17, 9) (22, 6) (47, 3) 
(1, 1): (3, 32) (7, 17) (12, 14) (17, 11) (22, 8) (47, 5) 
(1, 2): (3, 31) (7, 16) (12, 13) (17, 10) (22, 7) (47, 4) 
(1, 3): 
(1, 4): 
(2, 0): (3, 30) (7, 15) (12, 12) (17, 9) (22, 6) (47, 3) 
(2, 1): (3, 32) (7, 17) (12, 14) (17, 11) (22, 8) (47, 5) 
(2, 2): (3, 31) (7, 16) (12, 13) (17, 10) (22, 7) (47, 4) 
(2, 3): 
(2, 4): 

9: 
(0, 0): (3, 16) (4, 15) (7, 9) (12, 6) (22, 3) 
(0, 1): (3, 17) (7, 11) (12, 8) (22, 5) 
(0, 2): (3, 16) (7, 10) (12, 7) (22, 4) 
(0, 3): 
(0, 4): 
(1, 0): (3, 16) (4, 15) (7, 9) (12, 6) (22, 3) 
(1, 1): (3, 17) (7, 11) (12, 8) (22, 5) 
(1, 2): (3, 16) (7, 10) (12, 7) (22, 4) 
(1, 3): 
(1, 4): 
(2, 0): (3, 16) (4, 15) (7, 9) (12, 6) (22, 3) 
(2, 1): (3, 17) (7, 11) (12, 8) (22, 5) 
(2, 2): (3, 16) (7, 10) (12, 7) (22, 4) 
(2, 3): 
(2, 4): 

10: 
(0, 0): (3, 35) (4, 26) (5, 21) (6, 18) (8, 15) (9, 13) (10, 12) (11, 11) (13, 10) (14, 9) (15, 8) (18, 7) (21, 6) (25, 5) (31, 4) (43, 3) 
(0, 1): (3, 35) (4, 26) (5, 21) (6, 18) (8, 15) (9, 13) (10, 12) (11, 11) (13, 10) (14, 9) (15, 8) (18, 7) (21, 6) (25, 5) 
(0, 2): (3, 35) (4, 26) (5, 21) (6, 18) (8, 15) (9, 13) (10, 12) (11, 11) (13, 10) (14, 9) (15, 8) (18, 7) (21, 6) (25, 5) (31, 4) 
(0, 3): 
(0, 4): 
(1, 0): (3, 35) (4, 26) (5, 21) (6, 18) (8, 15) (9, 13) (10, 12) (11, 11) (13, 10) (14, 9) (15, 8) (18, 7) (21, 6) (25, 5) (31, 4) (43, 3) 
(1, 1): (3, 35) (4, 26) (5, 21) (6, 18) (8, 15) (9, 13) (10, 12) (11, 11) (13, 10) (14, 9) (15, 8) (18, 7) (21, 6) (25, 5) 
(1, 2): (3, 35) (4, 26) (5, 21) (6, 18) (8, 15) (9, 13) (10, 12) (11, 11) (13, 10) (14, 9) (15, 8) (18, 7) (21, 6) (25, 5) (31, 4) 
(1, 3): 
(1, 4): 
(2, 0): (3, 35) (4, 26) (5, 21) (6, 18) (8, 15) (9, 13) (10, 12) (11, 11) (13, 10) (14, 9) (15, 8) (18, 7) (21, 6) (25, 5) (31, 4) (43, 3) 
(2, 1): (3, 35) (4, 26) (5, 21) (6, 18) (8, 15) (9, 13) (10, 12) (11, 11) (13, 10) (14, 9) (15, 8) (18, 7) (21, 6) (25, 5) 
(2, 2): (3, 35) (4, 26) (5, 21) (6, 18) (8, 15) (9, 13) (10, 12) (11, 11) (13, 10) (14, 9) (15, 8) (18, 7) (21, 6) (25, 5) (31, 4) 
(2, 3): 
(2, 4): 

11: 
(0, 0): (3, 20) (4, 15) (5, 12) (6, 10) (8, 9) (9, 8) (10, 7) (11, 6) (14, 5) (18, 4) (24, 3) 
(0, 1): (3, 20) (4, 15) (5, 12) (6, 10) (8, 9) (9, 8) (10, 7) (11, 6) (14, 5) 
(0, 2): (3, 20) (4, 15) (5, 12) (6, 10) (8, 9) (9, 8) (10, 7) (11, 6) (14, 5) (18, 4) 
(0, 3): 
(0, 4): 
(1, 0): (3, 20) (4, 15) (5, 12) (6, 10) (8, 9) (9, 8) (10, 7) (11, 6) (14, 5) (18, 4) (24, 3) 
(1, 1): (3, 20) (4, 15) (5, 12) (6, 10) (8, 9) (9, 8) (10, 7) (11, 6) (14, 5) 
(1, 2): (3, 20) (4, 15) (5, 12) (6, 10) (8, 9) (9, 8) (10, 7) (11, 6) (14, 5) (18, 4) 
(1, 3): 
(1, 4): 
(2, 0): (3, 20) (4, 15) (5, 12) (6, 10) (8, 9) (9, 8) (10, 7) (11, 6) (14, 5) (18, 4) (24, 3) 
(2, 1): (3, 20) (4, 15) (5, 12) (6, 10) (8, 9) (9, 8) (10, 7) (11, 6) (14, 5) 
(2, 2): (3, 20) (4, 15) (5, 12) (6, 10) (8, 9) (9, 8) (10, 7) (11, 6) (14, 5) (18, 4) 
(2, 3): 
(2, 4): 

12: 
(0, 0): (2, 57) (3, 38) (4, 29) (5, 23) (6, 19) (8, 17) (9, 15) (10, 13) (11, 12) (13, 11) (14, 10) (15, 9) (18, 8) (20, 7) (23, 6) (28, 5) (35, 4) (46, 3) (70, 2) 
(0, 1): (2, 57) (3, 38) (4, 29) (5, 23) (6, 19) (8, 17) (9, 15) (10, 13) (11, 12) (13, 11) (14, 10) (15, 9) (18, 8) (20, 7) (23, 6) (28, 5) (35, 4) (46, 3) (70, 2) 
(0, 2): (2, 57) (3, 38) (4, 29) (5, 23) (6, 19) (8, 17) (9, 15) (10, 13) (11, 12) (13, 11) (14, 10) (15, 9) (18, 8) (20, 7) (23, 6) (28, 5) (35, 4) (46, 3) (70, 2) 
(0, 3): (2, 57) (3, 38) (4, 29) (5, 23) (6, 19) (8, 17) (9, 15) (10, 13) (11, 12) (13, 11) (14, 10) (15, 9) (18, 8) (20, 7) (23, 6) (28, 5) (35, 4) (46, 3) (70, 2) 
(0, 4): (2, 57) (3, 38) (4, 29) (5, 23) (6, 19) (8, 17) (9, 15) (10, 13) (11, 12) (13, 11) (14, 10) (15, 9) (18, 8) (20, 7) (23, 6) (28, 5) (35, 4) (46, 3) (70, 2) 
(1, 0): (2, 57) (3, 38) (4, 29) (5, 23) (6, 19) (8, 17) (9, 15) (10, 13) (11, 12) (13, 11) (14, 10) (15, 9) (18, 8) (20, 7) (23, 6) (28, 5) (35, 4) (46, 3) (70, 2) 
(1, 1): (2, 57) (3, 38) (4, 29) (5, 23) (6, 19) (8, 17) (9, 15) (10, 13) (11, 12) (13, 11) (14, 10) (15, 9) (18, 8) (20, 7) (23, 6) (28, 5) (35, 4) (46, 3) (70, 2) 
(1, 2): (2, 57) (3, 38) (4, 29) (5, 23) (6, 19) (8, 17) (9, 15) (10, 13) (11, 12) (13, 11) (14, 10) (15, 9) (18, 8) (20, 7) (23, 6) (28, 5) (35, 4) (46, 3) (70, 2) 
(1, 3): (2, 57) (3, 38) (4, 29) (5, 23) (6, 19) (8, 17) (9, 15) (10, 13) (11, 12) (13, 11) (14, 10) (15, 9) (18, 8) (20, 7) (23, 6) (28, 5) (35, 4) (46, 3) (70, 2) 
(1, 4): (2, 57) (3, 38) (4, 29) (5, 23) (6, 19) (8, 17) (9, 15) (10, 13) (11, 12) (13, 11) (14, 10) (15, 9) (18, 8) (20, 7) (23, 6) (28, 5) (35, 4) (46, 3) (70, 2) 
(2, 0): (2, 57) (3, 38) (4, 29) (5, 23) (6, 19) (8, 17) (9, 15) (10, 13) (11, 12) (13, 11) (14, 10) (15, 9) (18, 8) (20, 7) (23, 6) (28, 5) (35, 4) (46, 3) (70, 2) 
(2, 1): (2, 57) (3, 38) (4, 29) (5, 23) (6, 19) (8, 17) (9, 15) (10, 13) (11, 12) (13, 11) (14, 10) (15, 9) (18, 8) (20, 7) (23, 6) (28, 5) (35, 4) (46, 3) (70, 2) 
(2, 2): (2, 57) (3, 38) (4, 29) (5, 23) (6, 19) (8, 17) (9, 15) (10, 13) (11, 12) (13, 11) (14, 10) (15, 9) (18, 8) (20, 7) (23, 6) (28, 5) (35, 4) (46, 3) (70, 2) 
(2, 3): (2, 57) (3, 38) (4, 29) (5, 23) (6, 19) (8, 17) (9, 15) (10, 13) (11, 12) (13, 11) (14, 10) (15, 9) (18, 8) (20, 7) (23, 6) (28, 5) (35, 4) (46, 3) (70, 2) 
(2, 4): (2, 57) (3, 38) (4, 29) (5, 23) (6, 19) (8, 17) (9, 15) (10, 13) (11, 12) (13, 11) (14, 10) (15, 9) (18, 8) (20, 7) (23, 6) (28, 5) (35, 4) (46, 3) (70, 2) 

13: 
(0, 0): (3, 36) (4, 27) (5, 22) (6, 18) (8, 16) (9, 14) (10, 12) (11, 11) (13, 10) (14, 9) (16, 8) (19, 7) (21, 6) (26, 5) (33, 4) (44, 3) 
(0, 1): (3, 36) (4, 27) (5, 22) (6, 18) (8, 16) (9, 14) (10, 12) (11, 11) (13, 10) (14, 9) (16, 8) (19, 7) (21, 6) (26, 5) 
(0, 2): (3, 36) (4, 27) (5, 22) (6, 18) (8, 16) (9, 14) (10, 12) (11, 11) (13, 10) (14, 9) (16, 8) (19, 7) (21, 6) (26, 5) (33, 4) 
(0, 3): 
(0, 4): 
(1, 0): (3, 36) (4, 27) (5, 22) (6, 18) (8, 16) (9, 14) (10, 12) (11, 11) (13, 10) (14, 9) (16, 8) (19, 7) (21, 6) (26, 5) (33, 4) (44, 3) 
(1, 1): (3, 36) (4, 27) (5, 22) (6, 18) (8, 16) (9, 14) (10, 12) (11, 11) (13, 10) (14, 9) (16, 8) (19, 7) (21, 6) (26, 5) 
(1, 2): (3, 36) (4, 27) (5, 22) (6, 18) (8, 16) (9, 14) (10, 12) (11, 11) (13, 10) (14, 9) (16, 8) (19, 7) (21, 6) (26, 5) (33, 4) 
(1, 3): 
(1, 4): 
(2, 0): (3, 36) (4, 27) (5, 22) (6, 18) (8, 16) (9, 14) (10, 12) (11, 11) (13, 10) (14, 9) (16, 8) (19, 7) (21, 6) (26, 5) (33, 4) (44, 3) 
(2, 1): (3, 36) (4, 27) (5, 22) (6, 18) (8, 16) (9, 14) (10, 12) (11, 11) (13, 10) (14, 9) (16, 8) (19, 7) (21, 6) (26, 5) 
(2, 2): (3, 36) (4, 27) (5, 22) (6, 18) (8, 16) (9, 14) (10, 12) (11, 11) (13, 10) (14, 9) (16, 8) (19, 7) (21, 6) (26, 5) (33, 4) 
(2, 3): 
(2, 4): 

14: 
(0, 0): (1, 93) (2, 47) (3, 31) (4, 24) (5, 19) (6, 16) (8, 14) (9, 12) (10, 11) (11, 10) (13, 9) (14, 8) (16, 7) (19, 6) (23, 5) (29, 4) (38, 3) (58, 2) (115, 1) 
(0, 1): (1, 93) (2, 47) (3, 31) (4, 24) (5, 19) (6, 16) (8, 14) (9, 12) (10, 11) (11, 10) (13, 9) (14, 8) (16, 7) (19, 6) (23, 5) (29, 4) (38, 3) (58, 2) (115, 1) 
(0, 2): (1, 93) (2, 47) (3, 31) (4, 24) (5, 19) (6, 16) (8, 14) (9, 12) (10, 11) (11, 10) (13, 9) (14, 8) (16, 7) (19, 6) (23, 5) (29, 4) (38, 3) (58, 2) (115, 1) 
(0, 3): (1, 93) (2, 47) (3, 31) (4, 24) (5, 19) (6, 16) (8, 14) (9, 12) (10, 11) (11, 10) (13, 9) (14, 8) (16, 7) (19, 6) (23, 5) (29, 4) (38, 3) (58, 2) (115, 1) 
(0, 4): (1, 93) (2, 47) (3, 31) (4, 24) (5, 19) (6, 16) (8, 14) (9, 12) (10, 11) (11, 10) (13, 9) (14, 8) (16, 7) (19, 6) (23, 5) (29, 4) (38, 3) (58, 2) (115, 1) 
(1, 0): (1, 93) (2, 47) (3, 31) (4, 24) (5, 19) (6, 16) (8, 14) (9, 12) (10, 11) (11, 10) (13, 9) (14, 8) (16, 7) (19, 6) (23, 5) (29, 4) (38, 3) (58, 2) (115, 1) 
(1, 1): (1, 93) (2, 47) (3, 31) (4, 24) (5, 19) (6, 16) (8, 14) (9, 12) (10, 11) (11, 10) (13, 9) (14, 8) (16, 7) (19, 6) (23, 5) (29, 4) (38, 3) (58, 2) (115, 1) 
(1, 2): (1, 93) (2, 47) (3, 31) (4, 24) (5, 19) (6, 16) (8, 14) (9, 12) (10, 11) (11, 10) (13, 9) (14, 8) (16, 7) (19, 6) (23, 5) (29, 4) (38, 3) (58, 2) (115, 1) 
(1, 3): (1, 93) (2, 47) (3, 31) (4, 24) (5, 19) (6, 16) (8, 14) (9, 12) (10, 11) (11, 10) (13, 9) (14, 8) (16, 7) (19, 6) (23, 5) (29, 4) (38, 3) (58, 2) (115, 1) 
(1, 4): (1, 93) (2, 47) (3, 31) (4, 24) (5, 19) (6, 16) (8, 14) (9, 12) (10, 11) (11, 10) (13, 9) (14, 8) (16, 7) (19, 6) (23, 5) (29, 4) (38, 3) (58, 2) (115, 1) 
(2, 0): (1, 93) (2, 47) (3, 31) (4, 24) (5, 19) (6, 16) (8, 14) (9, 12) (10, 11) (11, 10) (13, 9) (14, 8) (16, 7) (19, 6) (23, 5) (29, 4) (38, 3) (58, 2) (115, 1) 
(2, 1): (1, 93) (2, 47) (3, 31) (4, 24) (5, 19) (6, 16) (8, 14) (9, 12) (10, 11) (11, 10) (13, 9) (14, 8) (16, 7) (19, 6) (23, 5) (29, 4) (38, 3) (58, 2) (115, 1) 
(2, 2): (1, 93) (2, 47) (3, 31) (4, 24) (5, 19) (6, 16) (8, 14) (9, 12) (10, 11) (11, 10) (13, 9) (14, 8) (16, 7) (19, 6) (23, 5) (29, 4) (38, 3) (58, 2) (115, 1) 
(2, 3): (1, 93) (2, 47) (3, 31) (4, 24) (5, 19) (6, 16) (8, 14) (9, 12) (10, 11) (11, 10) (13, 9) (14, 8) (16, 7) (19, 6) (23, 5) (29, 4) (38, 3) (58, 2) (115, 1) 
(2, 4): (1, 93) (2, 47) (3, 31) (4, 24) (5, 19) (6, 16) (8, 14) (9, 12) (10, 11) (11, 10) (13, 9) (14, 8) (16, 7) (19, 6) (23, 5) (29, 4) (38, 3) (58, 2) (115, 1) 

15: 
(0, 0): (3, 28) (4, 21) (5, 17) (6, 14) (8, 12) (9, 11) (10, 10) (11, 9) (13, 8) (14, 7) (16, 6) (20, 5) (25, 4) (34, 3) 
(0, 1): (3, 28) (4, 21) (5, 17) (6, 14) (8, 12) (9, 11) (10, 10) (11, 9) (13, 8) (14, 7) (16, 6) (20, 5) 
(0, 2): (3, 28) (4, 21) (5, 17) (6, 14) (8, 12) (9, 11) (10, 10) (11, 9) (13, 8) (14, 7) (16, 6) (20, 5) (25, 4) 
(0, 3): 
(0, 4): 
(1, 0): (3, 28) (4, 21) (5, 17) (6, 14) (8, 12) (9, 11) (10, 10) (11, 9) (13, 8) (14, 7) (16, 6) (20, 5) (25, 4) (34, 3) 
(1, 1): (3, 28) (4, 21) (5, 17) (6, 14) (8, 12) (9, 11) (10, 10) (11, 9) (13, 8) (14, 7) (16, 6) (20, 5) 
(1, 2): (3, 28) (4, 21) (5, 17) (6, 14) (8, 12) (9, 11) (10, 10) (11, 9) (13, 8) (14, 7) (16, 6) (20, 5) (25, 4) 
(1, 3): 
(1, 4): 
(2, 0): (3, 28) (4, 21) (5, 17) (6, 14) (8, 12) (9, 11) (10, 10) (11, 9) (13, 8) (14, 7) (16, 6) (20, 5) (25, 4) (34, 3) 
(2, 1): (3, 28) (4, 21) (5, 17) (6, 14) (8, 12) (9, 11) (10, 10) (11, 9) (13, 8) (14, 7) (16, 6) (20, 5) 
(2, 2): (3, 28) (4, 21) (5, 17) (6, 14) (8, 12) (9, 11) (10, 10) (11, 9) (13, 8) (14, 7) (16, 6) (20, 5) (25, 4) 
(2, 3): 
(2, 4): 

16: 
(0, 0): (3, 15) (7, 9) (12, 6) (22, 3) 
(0, 1): (7, 11) (12, 8) (22, 5) 
(0, 2): (3, 16) (7, 10) (12, 7) (22, 4) 
(0, 3): 
(0, 4): 
(1, 0): (3, 15) (7, 9) (12, 6) (22, 3) 
(1, 1): (7, 11) (12, 8) (22, 5) 
(1, 2): (3, 16) (7, 10) (12, 7) (22, 4) 
(1, 3): 
(1, 4): 
(2, 0): (3, 15) (7, 9) (12, 6) (22, 3) 
(2, 1): (7, 11) (12, 8) (22, 5) 
(2, 2): (3, 16) (7, 10) (12, 7) (22, 4) 
(2, 3): 
(2, 4): 

17: 
(0, 0): (3, 17) (4, 13) (5, 12) (7, 9) (8, 7) (10, 6) (17, 4) (20, 3) 
(0, 1): (3, 17) (4, 14) (7, 9) (8, 8) (17, 5) 
(0, 2): (3, 17) (4, 13) (7, 9) (8, 7) (17, 4) 
(0, 3): 
(0, 4): 
(1, 0): (3, 17) (4, 13) (5, 12) (7, 9) (8, 7) (10, 6) (17, 4) (20, 3) 
(1, 1): (3, 17) (4, 14) (7, 9) (8, 8) (17, 5) 
(1, 2): (3, 17) (4, 13) (7, 9) (8, 7) (17, 4) 
(1, 3): 
(1, 4): 
(2, 0): (3, 17) (4, 13) (5, 12) (7, 9) (8, 7) (10, 6) (17, 4) (20, 3) 
(2, 1): (3, 17) (4, 14) (7, 9) (8, 8) (17, 5) 
(2, 2): (3, 17) (4, 13) (7, 9) (8, 7) (17, 4) 
(2, 3): 
(2, 4): 

18: 
(0, 0): (3, 20) (4, 15) (5, 12) (7, 10) (8, 9) (9, 8) (10, 7) (11, 6) (17, 5) (18, 4) (24, 3) 
(0, 1): (3, 20) (4, 15) (5, 14) (7, 10) (8, 9) (9, 8) (17, 5) 
(0, 2): (3, 20) (4, 15) (5, 13) (7, 10) (8, 9) (9, 8) (10, 7) (17, 5) (18, 4) 
(0, 3): 
(0, 4): 
(1, 0): (3, 20) (4, 15) (5, 12) (7, 10) (8, 9) (9, 8) (10, 7) (11, 6) (17, 5) (18, 4) (24, 3) 
(1, 1): (3, 20) (4, 15) (5, 14) (7, 10) (8, 9) (9, 8) (17, 5) 
(1, 2): (3, 20) (4, 15) (5, 13) (7, 10) (8, 9) (9, 8) (10, 7) (17, 5) (18, 4) 
(1, 3): 
(1, 4): 
(2, 0): (3, 20) (4, 15) (5, 12) (7, 10) (8, 9) (9, 8) (10, 7) (11, 6) (17, 5) (18, 4) (24, 3) 
(2, 1): (3, 20) (4, 15) (5, 14) (7, 10) (8, 9) (9, 8) (17, 5) 
(2, 2): (3, 20) (4, 15) (5, 13) (7, 10) (8, 9) (9, 8) (10, 7) (17, 5) (18, 4) 
(2, 3): 
(2, 4): 

19: 
(0, 0): (3, 30) (4, 23) (5, 18) (6, 15) (8, 13) (9, 12) (10, 10) (11, 9) (14, 8) (15, 7) (18, 6) (21, 5) (28, 4) (36, 3) 
(0, 1): (3, 30) (4, 23) (5, 18) (6, 15) (8, 13) (9, 12) (10, 10) (11, 9) (14, 8) (17, 7) (18, 6) (21, 5) 
(0, 2): (3, 30) (4, 23) (5, 18) (6, 15) (8, 13) (9, 12) (10, 10) (11, 9) (14, 8) (15, 7) (18, 6) (21, 5) (28, 4) 
(0, 3): 
(0, 4): 
(1, 0): (3, 30) (4, 23) (5, 18) (6, 15) (8, 13) (9, 12) (10, 10) (11, 9) (14, 8) (15, 7) (18, 6) (21, 5) (28, 4) (36, 3) 
(1, 1): (3, 30) (4, 23) (5, 18) (6, 15) (8, 13) (9, 12) (10, 10) (11, 9) (14, 8) (17, 7) (18, 6) (21, 5) 
(1, 2): (3, 30) (4, 23) (5, 18) (6, 15) (8, 13) (9, 12) (10, 10) (11, 9) (14, 8) (15, 7) (18, 6) (21, 5) (28, 4) 
(1, 3): 
(1, 4): 
(2, 0): (3, 30) (4, 23) (5, 18) (6, 15) (8, 13) (9, 12) (10, 10) (11, 9) (14, 8) (15, 7) (18, 6) (21, 5) (28, 4) (36, 3) 
(2, 1): (3, 30) (4, 23) (5, 18) (6, 15) (8, 13) (9, 12) (10, 10) (11, 9) (14, 8) (17, 7) (18, 6) (21, 5) 
(2, 2): (3, 30) (4, 23) (5, 18) (6, 15) (8, 13) (9, 12) (10, 10) (11, 9) (14, 8) (15, 7) (18, 6) (21, 5) (28, 4) 
(2, 3): 
(2, 4): 

20: 
(0, 0): (3, 24) (7, 12) (12, 9) (17, 6) (37, 3) 
(0, 1): (7, 14) (12, 11) (17, 8) (37, 5) 
(0, 2): (7, 13) (12, 10) (17, 7) (37, 4) 
(0, 3): 
(0, 4): 
(1, 0): (3, 24) (7, 12) (12, 9) (17, 6) (37, 3) 
(1, 1): (7, 14) (12, 11) (17, 8) (37, 5) 
(1, 2): (7, 13) (12, 10) (17, 7) (37, 4) 
(1, 3): 
(1, 4): 
(2, 0): (3, 24) (7, 12) (12, 9) (17, 6) (37, 3) 
(2, 1): (7, 14) (12, 11) (17, 8) (37, 5) 
(2, 2): (7, 13) (12, 10) (17, 7) (37, 4) 
(2, 3): 
(2, 4): 

21: 
(0, 0): (3, 40) (4, 30) (7, 20) (8, 18) (9, 15) (12, 12) (17, 9) (22, 7) (24, 6) (47, 4) (49, 3) 
(0, 1): (3, 40) (4, 32) (7, 20) (8, 18) (9, 17) (12, 14) (17, 11) (22, 8) (47, 5) 
(0, 2): (3, 40) (4, 31) (7, 20) (8, 18) (9, 16) (12, 13) (17, 10) (22, 7) (47, 4) 
(0, 3): 
(0, 4): 
(1, 0): (3, 40) (4, 30) (7, 20) (8, 18) (9, 15) (12, 12) (17, 9) (22, 7) (24, 6) (47, 4) (49, 3) 
(1, 1): (3, 40) (4, 32) (7, 20) (8, 18) (9, 17) (12, 14) (17, 11) (22, 8) (47, 5) 
(1, 2): (3, 40) (4, 31) (7, 20) (8, 18) (9, 16) (12, 13) (17, 10) (22, 7) (47, 4) 
(1, 3): 
(1, 4): 
(2, 0): (3, 40) (4, 30) (7, 20) (8, 18) (9, 15) (12, 12) (17, 9) (22, 7) (24, 6) (47, 4) (49, 3) 
(2, 1): (3, 40) (4, 32) (7, 20) (8, 18) (9, 17) (12, 14) (17, 11) (22, 8) (47, 5) 
(2, 2): (3, 40) (4, 31) (7, 20) (8, 18) (9, 16) (12, 13) (17, 10) (22, 7) (47, 4) 
(2, 3): 
(2, 4): 

22: 
(0, 0): (3, 20) (4, 15) (5, 12) (6, 10) (8, 9) (9, 8) (10, 7) (11, 6) (14, 5) (18, 4) (24, 3) 
(0, 1): (3, 20) (4, 15) (5, 12) (6, 10) (8, 9) (9, 8) (10, 7) (11, 6) (14, 5) 
(0, 2): (3, 20) (4, 15) (5, 12) (6, 10) (8, 9) (9, 8) (10, 7) (11, 6) (14, 5) (18, 4) 
(0, 3): 
(0, 4): 
(1, 0): (3, 20) (4, 15) (5, 12) (6, 10) (8, 9) (9, 8) (10, 7) (11, 6) (14, 5) (18, 4) (24, 3) 
(1, 1): (3, 20) (4, 15) (5, 12) (6, 10) (8, 9) (9, 8) (10, 7) (11, 6) (14, 5) 
(1, 2): (3, 20) (4, 15) (5, 12) (6, 10) (8, 9) (9, 8) (10, 7) (11, 6) (14, 5) (18, 4) 
(1, 3): 
(1, 4): 
(2, 0): (3, 20) (4, 15) (5, 12) (6, 10) (8, 9) (9, 8) (10, 7) (11, 6) (14, 5) (18, 4) (24, 3) 
(2, 1): (3, 20) (4, 15) (5, 12) (6, 10) (8, 9) (9, 8) (10, 7) (11, 6) (14, 5) 
(2, 2): (3, 20) (4, 15) (5, 12) (6, 10) (8, 9) (9, 8) (10, 7) (11, 6) (14, 5) (18, 4) 
(2, 3): 
(2, 4): 

23: 
(0, 0): (3, 15) (4, 11) (5, 9) (6, 8) (8, 7) (9, 6) (10, 5) (13, 4) (18, 3) 
(0, 1): (3, 15) (4, 11) (5, 9) (6, 8) (8, 7) (9, 6) (10, 5) 
(0, 2): (3, 15) (4, 11) (5, 9) (6, 8) (8, 7) (9, 6) (10, 5) (13, 4) 
(0, 3): 
(0, 4): 
(1, 0): (3, 15) (4, 11) (5, 9) (6, 8) (8, 7) (9, 6) (10, 5) (13, 4) (18, 3) 
(1, 1): (3, 15) (4, 11) (5, 9) (6, 8) (8, 7) (9, 6) (10, 5) 
(1, 2): (3, 15) (4, 11) (5, 9) (6, 8) (8, 7) (9, 6) (10, 5) (13, 4) 
(1, 3): 
(1, 4): 
(2, 0): (3, 15) (4, 11) (5, 9) (6, 8) (8, 7) (9, 6) (10, 5) (13, 4) (18, 3) 
(2, 1): (3, 15) (4, 11) (5, 9) (6, 8) (8, 7) (9, 6) (10, 5) 
(2, 2): (3, 15) (4, 11) (5, 9) (6, 8) (8, 7) (9, 6) (10, 5) (13, 4) 
(2, 3): 
(2, 4): 

24: 
(0, 0): (3, 24) (4, 18) (5, 15) (7, 12) (8, 10) (9, 9) (12, 7) (14, 6) (22, 4) (29, 3) 
(0, 1): (3, 24) (4, 18) (5, 17) (7, 12) (8, 11) (12, 8) (22, 5) 
(0, 2): (3, 24) (4, 18) (5, 16) (7, 12) (8, 10) (12, 7) (22, 4) 
(0, 3): 
(0, 4): 
(1, 0): (3, 24) (4, 18) (5, 15) (7, 12) (8, 10) (9, 9) (12, 7) (14, 6) (22, 4) (29, 3) 
(1, 1): (3, 24) (4, 18) (5, 17) (7, 12) (8, 11) (12, 8) (22, 5) 
(1, 2): (3, 24) (4, 18) (5, 16) (7, 12) (8, 10) (12, 7) (22, 4) 
(1, 3): 
(1, 4): 
(2, 0): (3, 24) (4, 18) (5, 15) (7, 12) (8, 10) (9, 9) (12, 7) (14, 6) (22, 4) (29, 3) 
(2, 1): (3, 24) (4, 18) (5, 17) (7, 12) (8, 11) (12, 8) (22, 5) 
(2, 2): (3, 24) (4, 18) (5, 16) (7, 12) (8, 10) (12, 7) (22, 4) 
(2, 3): 
(2, 4): 

25: 
(0, 0): (3, 21) (7, 12) (12, 9) (17, 6) (32, 3) 
(0, 1): (7, 14) (12, 11) (17, 8) (32, 5) 
(0, 2): (7, 13) (12, 10) (17, 7) (32, 4) 
(0, 3): 
(0, 4): 
(1, 0): (3, 21) (7, 12) (12, 9) (17, 6) (32, 3) 
(1, 1): (7, 14) (12, 11) (17, 8) (32, 5) 
(1, 2): (7, 13) (12, 10) (17, 7) (32, 4) 
(1, 3): 
(1, 4): 
(2, 0): (3, 21) (7, 12) (12, 9) (17, 6) (32, 3) 
(2, 1): (7, 14) (12, 11) (17, 8) (32, 5) 
(2, 2): (7, 13) (12, 10) (17, 7) (32, 4) 
(2, 3): 
(2, 4): 

26: 
(0, 0): (3, 38) (4, 29) (5, 23) (6, 19) (8, 17) (9, 15) (10, 13) (11, 12) (13, 11) (14, 10) (15, 9) (18, 8) (20, 7) (23, 6) (28, 5) (35, 4) (46, 3) 
(0, 1): (3, 38) (4, 29) (5, 23) (6, 19) (8, 17) (9, 15) (10, 13) (11, 12) (13, 11) (14, 10) (15, 9) (18, 8) (20, 7) (23, 6) (28, 5) 
(0, 2): (3, 38) (4, 29) (5, 23) (6, 19) (8, 17) (9, 15) (10, 13) (11, 12) (13, 11) (14, 10) (15, 9) (18, 8) (20, 7) (23, 6) (28, 5) (35, 4) 
(0, 3): 
(0, 4): 
(1, 0): (3, 38) (4, 29) (5, 23) (6, 19) (8, 17) (9, 15) (10, 13) (11, 12) (13, 11) (14, 10) (15, 9) (18, 8) (20, 7) (23, 6) (28, 5) (35, 4) (46, 3) 
(1, 1): (3, 38) (4, 29) (5, 23) (6, 19) (8, 17) (9, 15) (10, 13) (11, 12) (13, 11) (14, 10) (15, 9) (18, 8) (20, 7) (23, 6) (28, 5) 
(1, 2): (3, 38) (4, 29) (5, 23) (6, 19) (8, 17) (9, 15) (10, 13) (11, 12) (13, 11) (14, 10) (15, 9) (18, 8) (20, 7) (23, 6) (28, 5) (35, 4) 
(1, 3): 
(1, 4): 
(2, 0): (3, 38) (4, 29) (5, 23) (6, 19) (8, 17) (9, 15) (10, 13) (11, 12) (13, 11) (14, 10) (15, 9) (18, 8) (20, 7) (23, 6) (28, 5) (35, 4) (46, 3) 
(2, 1): (3, 38) (4, 29) (5, 23) (6, 19) (8, 17) (9, 15) (10, 13) (11, 12) (13, 11) (14, 10) (15, 9) (18, 8) (20, 7) (23, 6) (28, 5) 
(2, 2): (3, 38) (4, 29) (5, 23) (6, 19) (8, 17) (9, 15) (10, 13) (11, 12) (13, 11) (14, 10) (15, 9) (18, 8) (20, 7) (23, 6) (28, 5) (35, 4) 
(2, 3): 
(2, 4): 

27: 
(0, 0): (3, 26) (4, 20) (5, 18) (7, 13) (8, 12) (9, 10) (10, 9) (12, 8) (14, 7) (15, 6) (27, 4) (31, 3) 
(0, 1): (3, 26) (4, 20) (7, 13) (8, 12) (9, 11) (12, 8) (27, 5) 
(0, 2): (3, 26) (4, 20) (5, 19) (7, 13) (8, 12) (9, 10) (12, 8) (14, 7) (27, 4) 
(0, 3): 
(0, 4): 
(1, 0): (3, 26) (4, 20) (5, 18) (7, 13) (8, 12) (9, 10) (10, 9) (12, 8) (14, 7) (15, 6) (27, 4) (31, 3) 
(1, 1): (3, 26) (4, 20) (7, 13) (8, 12) (9, 11) (12, 8) (27, 5) 
(1, 2): (3, 26) (4, 20) (5, 19) (7, 13) (8, 12) (9, 10) (12, 8) (14, 7) (27, 4) 
(1, 3): 
(1, 4): 
(2, 0): (3, 26) (4, 20) (5, 18) (7, 13) (8, 12) (9, 10) (10, 9) (12, 8) (14, 7) (15, 6) (27, 4) (31, 3) 
(2, 1): (3, 26) (4, 20) (7, 13) (8, 12) (9, 11) (12, 8) (27, 5) 
(2, 2): (3, 26) (4, 20) (5, 19) (7, 13) (8, 12) (9, 10) (12, 8) (14, 7) (27, 4) 
(2, 3): 
(2, 4): 

28: 
(0, 0): (3, 27) (7, 15) (12, 9) (22, 6) (42, 3) 
(0, 1): (7, 17) (12, 11) (22, 8) (42, 5) 
(0, 2): (7, 16) (12, 10) (22, 7) (42, 4) 
(0, 3): 
(0, 4): 
(1, 0): (3, 27) (7, 15) (12, 9) (22, 6) (42, 3) 
(1, 1): (7, 17) (12, 11) (22, 8) (42, 5) 
(1, 2): (7, 16) (12, 10) (22, 7) (42, 4) 
(1, 3): 
(1, 4): 
(2, 0): (3, 27) (7, 15) (12, 9) (22, 6) (42, 3) 
(2, 1): (7, 17) (12, 11) (22, 8) (42, 5) 
(2, 2): (7, 16) (12, 10) (22, 7) (42, 4) 
(2, 3): 
(2, 4): 

29: 
(0, 0): (1, 17) (2, 9) (3, 6) (4, 5) (5, 4) (6, 3) (10, 2) (20, 1) 
(0, 1): (1, 17) (2, 9) (3, 6) (4, 5) (5, 4) (6, 3) (10, 2) (20, 1) 
(0, 2): (1, 17) (2, 9) (3, 6) (4, 5) (5, 4) (6, 3) (10, 2) (20, 1) 
(0, 3): (1, 17) (2, 9) (3, 6) (4, 5) (5, 4) (6, 3) (10, 2) (20, 1) 
(0, 4): (1, 17) (2, 9) (3, 6) (4, 5) (5, 4) (6, 3) (10, 2) (20, 1) 
(1, 0): (1, 17) (2, 9) (3, 6) (4, 5) (5, 4) (6, 3) (10, 2) (20, 1) 
(1, 1): (1, 17) (2, 9) (3, 6) (4, 5) (5, 4) (6, 3) (10, 2) (20, 1) 
(1, 2): (1, 17) (2, 9) (3, 6) (4, 5) (5, 4) (6, 3) (10, 2) (20, 1) 
(1, 3): (1, 17) (2, 9) (3, 6) (4, 5) (5, 4) (6, 3) (10, 2) (20, 1) 
(1, 4): (1, 17) (2, 9) (3, 6) (4, 5) (5, 4) (6, 3) (10, 2) (20, 1) 
(2, 0): (1, 17) (2, 9) (3, 6) (4, 5) (5, 4) (6, 3) (10, 2) (20, 1) 
(2, 1): (1, 17) (2, 9) (3, 6) (4, 5) (5, 4) (6, 3) (10, 2) (20, 1) 
(2, 2): (1, 17) (2, 9) (3, 6) (4, 5) (5, 4) (6, 3) (10, 2) (20, 1) 
(2, 3): (1, 17) (2, 9) (3, 6) (4, 5) (5, 4) (6, 3) (10, 2) (20, 1) 
(2, 4): (1, 17) (2, 9) (3, 6) (4, 5) (5, 4) (6, 3) (10, 2) (20, 1) 

30: 
(0, 0): (1, 5) (2, 3) (3, 2) (5, 1) 
(0, 1): (1, 5) (2, 3) (3, 2) (5, 1) 
(0, 2): (1, 5) (2, 3) (3, 2) (5, 1) 
(0, 3): (1, 5) (2, 3) (3, 2) (5, 1) 
(0, 4): (1, 5) (2, 3) (3, 2) (5, 1) 
(1, 0): (1, 5) (2, 3) (3, 2) (5, 1) 
(1, 1): (1, 5) (2, 3) (3, 2) (5, 1) 
(1, 2): (1, 5) (2, 3) (3, 2) (5, 1) 
(1, 3): (1, 5) (2, 3) (3, 2) (5, 1) 
(1, 4): (1, 5) (2, 3) (3, 2) (5, 1) 
(2, 0): (1, 5) (2, 3) (3, 2) (5, 1) 
(2, 1): (1, 5) (2, 3) (3, 2) (5, 1) 
(2, 2): (1, 5) (2, 3) (3, 2) (5, 1) 
(2, 3): (1, 5) (2, 3) (3, 2) (5, 1) 
(2, 4): (1, 5) (2, 3) (3, 2) (5, 1) 

31: 
(0, 0): (3, 13) (4, 10) (5, 8) (6, 7) (8, 6) (9, 5) (11, 4) (15, 3) 
(0, 1): (3, 13) (4, 10) (5, 8) (6, 7) (8, 6) (9, 5) 
(0, 2): (3, 13) (4, 10) (5, 8) (6, 7) (8, 6) (9, 5) (11, 4) 
(0, 3): 
(0, 4): 
(1, 0): (3, 13) (4, 10) (5, 8) (6, 7) (8, 6) (9, 5) (11, 4) (15, 3) 
(1, 1): (3, 13) (4, 10) (5, 8) (6, 7) (8, 6) (9, 5) 
(1, 2): (3, 13) (4, 10) (5, 8) (6, 7) (8, 6) (9, 5) (11, 4) 
(1, 3): 
(1, 4): 
(2, 0): (3, 13) (4, 10) (5, 8) (6, 7) (8, 6) (9, 5) (11, 4) (15, 3) 
(2, 1): (3, 13) (4, 10) (5, 8) (6, 7) (8, 6) (9, 5) 
(2, 2): (3, 13) (4, 10) (5, 8) (6, 7) (8, 6) (9, 5) (11, 4) 
(2, 3): 
(2, 4): 

32: 
(0, 0): (3, 10) (4, 8) (5, 6) (6, 5) (9, 4) (11, 3) 
(0, 1): (3, 10) (4, 8) (5, 6) (6, 5) 
(0, 2): (3, 10) (4, 8) (5, 6) (6, 5) (9, 4) 
(0, 3): 
(0, 4): 
(1, 0): (3, 10) (4, 8) (5, 6) (6, 5) (9, 4) (11, 3) 
(1, 1): (3, 10) (4, 8) (5, 6) (6, 5) 
(1, 2): (3, 10) (4, 8) (5, 6) (6, 5) (9, 4) 
(1, 3): 
(1, 4): 
(2, 0): (3, 10) (4, 8) (5, 6) (6, 5) (9, 4) (11, 3) 
(2, 1): (3, 10) (4, 8) (5, 6) (6, 5) 
(2, 2): (3, 10) (4, 8) (5, 6) (6, 5) (9, 4) 
(2, 3): 
(2, 4): 

33: 
(0, 0): (3, 29) (4, 22) (5, 18) (6, 15) (8, 13) (9, 11) (10, 10) (11, 9) (13, 8) (15, 7) (18, 6) (21, 5) (26, 4) (35, 3) 
(0, 1): (3, 29) (4, 22) (5, 18) (6, 15) (8, 13) (9, 11) (10, 10) (11, 9) (13, 8) (15, 7) (18, 6) (21, 5) 
(0, 2): (3, 29) (4, 22) (5, 18) (6, 15) (8, 13) (9, 11) (10, 10) (11, 9) (13, 8) (15, 7) (18, 6) (21, 5) (26, 4) 
(0, 3): 
(0, 4): 
(1, 0): (3, 29) (4, 22) (5, 18) (6, 15) (8, 13) (9, 11) (10, 10) (11, 9) (13, 8) (15, 7) (18, 6) (21, 5) (26, 4) (35, 3) 
(1, 1): (3, 29) (4, 22) (5, 18) (6, 15) (8, 13) (9, 11) (10, 10) (11, 9) (13, 8) (15, 7) (18, 6) (21, 5) 
(1, 2): (3, 29) (4, 22) (5, 18) (6, 15) (8, 13) (9, 11) (10, 10) (11, 9) (13, 8) (15, 7) (18, 6) (21, 5) (26, 4) 
(1, 3): 
(1, 4): 
(2, 0): (3, 29) (4, 22) (5, 18) (6, 15) (8, 13) (9, 11) (10, 10) (11, 9) (13, 8) (15, 7) (18, 6) (21, 5) (26, 4) (35, 3) 
(2, 1): (3, 29) (4, 22) (5, 18) (6, 15) (8, 13) (9, 11) (10, 10) (11, 9) (13, 8) (15, 7) (18, 6) (21, 5) 
(2, 2): (3, 29) (4, 22) (5, 18) (6, 15) (8, 13) (9, 11) (10, 10) (11, 9) (13, 8) (15, 7) (18, 6) (21, 5) (26, 4) 
(2, 3): 
(2, 4): 

34: 
(0, 0): (1, 2) 
(0, 1): (1, 2) 
(0, 2): (1, 2) 
(0, 3): (1, 2) 
(0, 4): (1, 2) 
(1, 0): (1, 2) 
(1, 1): (1, 2) 
(1, 2): (1, 2) 
(1, 3): (1, 2) 
(1, 4): (1, 2) 
(2, 0): (1, 2) 
(2, 1): (1, 2) 
(2, 2): (1, 2) 
(2, 3): (1, 2) 
(2, 4): (1, 2) 

35: 
(0, 0): (3, 27) (7, 15) (12, 9) (22, 6) (42, 3) 
(0, 1): (3, 29) (7, 17) (12, 11) (22, 8) (42, 5) 
(0, 2): (3, 28) (7, 16) (12, 10) (22, 7) (42, 4) 
(0, 3): 
(0, 4): 
(1, 0): (3, 27) (7, 15) (12, 9) (22, 6) (42, 3) 
(1, 1): (3, 29) (7, 17) (12, 11) (22, 8) (42, 5) 
(1, 2): (3, 28) (7, 16) (12, 10) (22, 7) (42, 4) 
(1, 3): 
(1, 4): 
(2, 0): (3, 27) (7, 15) (12, 9) (22, 6) (42, 3) 
(2, 1): (3, 29) (7, 17) (12, 11) (22, 8) (42, 5) 
(2, 2): (3, 28) (7, 16) (12, 10) (22, 7) (42, 4) 
(2, 3): 
(2, 4): 

36: 
(0, 0): (3, 18) (7, 9) (12, 6) (27, 3) 
(0, 1): (3, 20) (7, 11) (12, 8) (27, 5) 
(0, 2): (3, 19) (7, 10) (12, 7) (27, 4) 
(0, 3): 
(0, 4): 
(1, 0): (3, 18) (7, 9) (12, 6) (27, 3) 
(1, 1): (3, 20) (7, 11) (12, 8) (27, 5) 
(1, 2): (3, 19) (7, 10) (12, 7) (27, 4) 
(1, 3): 
(1, 4): 
(2, 0): (3, 18) (7, 9) (12, 6) (27, 3) 
(2, 1): (3, 20) (7, 11) (12, 8) (27, 5) 
(2, 2): (3, 19) (7, 10) (12, 7) (27, 4) 
(2, 3): 
(2, 4): 

37: 
(0, 0): (3, 22) (4, 21) (7, 12) (12, 9) (17, 6) (32, 3) 
(0, 1): (3, 23) (7, 14) (12, 11) (17, 8) (32, 5) 
(0, 2): (3, 22) (7, 13) (12, 10) (17, 7) (32, 4) 
(0, 3): 
(0, 4): 
(1, 0): (3, 22) (4, 21) (7, 12) (12, 9) (17, 6) (32, 3) 
(1, 1): (3, 23) (7, 14) (12, 11) (17, 8) (32, 5) 
(1, 2): (3, 22) (7, 13) (12, 10) (17, 7) (32, 4) 
(1, 3): 
(1, 4): 
(2, 0): (3, 22) (4, 21) (7, 12) (12, 9) (17, 6) (32, 3) 
(2, 1): (3, 23) (7, 14) (12, 11) (17, 8) (32, 5) 
(2, 2): (3, 22) (7, 13) (12, 10) (17, 7) (32, 4) 
(2, 3): 
(2, 4): 

38: 
(0, 0): (3, 27) (7, 15) (12, 9) (22, 6) (42, 3) 
(0, 1): (3, 29) (7, 17) (12, 11) (22, 8) (42, 5) 
(0, 2): (3, 28) (7, 16) (12, 10) (22, 7) (42, 4) 
(0, 3): 
(0, 4): 
(1, 0): (3, 27) (7, 15) (12, 9) (22, 6) (42, 3) 
(1, 1): (3, 29) (7, 17) (12, 11) (22, 8) (42, 5) 
(1, 2): (3, 28) (7, 16) (12, 10) (22, 7) (42, 4) 
(1, 3): 
(1, 4): 
(2, 0): (3, 27) (7, 15) (12, 9) (22, 6) (42, 3) 
(2, 1): (3, 29) (7, 17) (12, 11) (22, 8) (42, 5) 
(2, 2): (3, 28) (7, 16) (12, 10) (22, 7) (42, 4) 
(2, 3): 
(2, 4): 

39: 
(0, 0): (3, 32) (4, 30) (7, 16) (8, 15) (12, 12) (17, 9) (22, 6) (47, 3) 
(0, 1): (3, 32) (7, 17) (12, 14) (17, 11) (22, 8) (47, 5) 
(0, 2): (3, 32) (4, 31) (7, 16) (12, 13) (17, 10) (22, 7) (47, 4) 
(0, 3): 
(0, 4): 
(1, 0): (3, 32) (4, 30) (7, 16) (8, 15) (12, 12) (17, 9) (22, 6) (47, 3) 
(1, 1): (3, 32) (7, 17) (12, 14) (17, 11) (22, 8) (47, 5) 
(1, 2): (3, 32) (4, 31) (7, 16) (12, 13) (17, 10) (22, 7) (47, 4) 
(1, 3): 
(1, 4): 
(2, 0): (3, 32) (4, 30) (7, 16) (8, 15) (12, 12) (17, 9) (22, 6) (47, 3) 
(2, 1): (3, 32) (7, 17) (12, 14) (17, 11) (22, 8) (47, 5) 
(2, 2): (3, 32) (4, 31) (7, 16) (12, 13) (17, 10) (22, 7) (47, 4) 
(2, 3): 
(2, 4): 

40: 
(0, 0): (3, 36) (4, 27) (5, 22) (6, 18) (8, 16) (9, 14) (10, 12) (11, 11) (13, 10) (14, 9) (16, 8) (19, 7) (21, 6) (26, 5) (33, 4) (44, 3) 
(0, 1): (3, 36) (4, 27) (5, 22) (6, 18) (8, 16) (9, 14) (10, 12) (11, 11) (13, 10) (14, 9) (16, 8) (19, 7) (21, 6) (26, 5) 
(0, 2): (3, 36) (4, 27) (5, 22) (6, 18) (8, 16) (9, 14) (10, 12) (11, 11) (13, 10) (14, 9) (16, 8) (19, 7) (21, 6) (26, 5) (33, 4) 
(0, 3): 
(0, 4): 
(1, 0): (3, 36) (4, 27) (5, 22) (6, 18) (8, 16) (9, 14) (10, 12) (11, 11) (13, 10) (14, 9) (16, 8) (19, 7) (21, 6) (26, 5) (33, 4) (44, 3) 
(1, 1): (3, 36) (4, 27) (5, 22) (6, 18) (8, 16) (9, 14) (10, 12) (11, 11) (13, 10) (14, 9) (16, 8) (19, 7) (21, 6) (26, 5) 
(1, 2): (3, 36) (4, 27) (5, 22) (6, 18) (8, 16) (9, 14) (10, 12) (11, 11) (13, 10) (14, 9) (16, 8) (19, 7) (21, 6) (26, 5) (33, 4) 
(1, 3): 
(1, 4): 
(2, 0): (3, 36) (4, 27) (5, 22) (6, 18) (8, 16) (9, 14) (10, 12) (11, 11) (13, 10) (14, 9) (16, 8) (19, 7) (21, 6) (26, 5) (33, 4) (44, 3) 
(2, 1): (3, 36) (4, 27) (5, 22) (6, 18) (8, 16) (9, 14) (10, 12) (11, 11) (13, 10) (14, 9) (16, 8) (19, 7) (21, 6) (26, 5) 
(2, 2): (3, 36) (4, 27) (5, 22) (6, 18) (8, 16) (9, 14) (10, 12) (11, 11) (13, 10) (14, 9) (16, 8) (19, 7) (21, 6) (26, 5) (33, 4) 
(2, 3): 
(2, 4): 

41: 
(0, 0): (1, 102) (2, 51) (3, 34) (4, 26) (5, 21) (6, 17) (8, 15) (9, 13) (10, 12) (11, 11) (13, 10) (14, 9) (15, 8) (18, 7) (20, 6) (25, 5) (31, 4) (41, 3) (63, 2) 
(0, 1): (1, 102) (2, 51) (3, 34) (4, 26) (5, 21) (6, 17) (8, 15) (9, 13) (10, 12) (11, 11) (13, 10) (14, 9) (15, 8) (18, 7) (20, 6) (25, 5) (31, 4) (41, 3) (63, 2) 
(0, 2): (1, 102) (2, 51) (3, 34) (4, 26) (5, 21) (6, 17) (8, 15) (9, 13) (10, 12) (11, 11) (13, 10) (14, 9) (15, 8) (18, 7) (20, 6) (25, 5) (31, 4) (41, 3) (63, 2) 
(0, 3): (1, 102) (2, 51) (3, 34) (4, 26) (5, 21) (6, 17) (8, 15) (9, 13) (10, 12) (11, 11) (13, 10) (14, 9) (15, 8) (18, 7) (20, 6) (25, 5) (31, 4) (41, 3) (63, 2) 
(0, 4): (1, 102) (2, 51) (3, 34) (4, 26) (5, 21) (6, 17) (8, 15) (9, 13) (10, 12) (11, 11) (13, 10) (14, 9) (15, 8) (18, 7) (20, 6) (25, 5) (31, 4) (41, 3) (63, 2) 
(1, 0): (1, 102) (2, 51) (3, 34) (4, 26) (5, 21) (6, 17) (8, 15) (9, 13) (10, 12) (11, 11) (13, 10) (14, 9) (15, 8) (18, 7) (20, 6) (25, 5) (31, 4) (41, 3) (63, 2) 
(1, 1): (1, 102) (2, 51) (3, 34) (4, 26) (5, 21) (6, 17) (8, 15) (9, 13) (10, 12) (11, 11) (13, 10) (14, 9) (15, 8) (18, 7) (20, 6) (25, 5) (31, 4) (41, 3) (63, 2) 
(1, 2): (1, 102) (2, 51) (3, 34) (4, 26) (5, 21) (6, 17) (8, 15) (9, 13) (10, 12) (11, 11) (13, 10) (14, 9) (15, 8) (18, 7) (20, 6) (25, 5) (31, 4) (41, 3) (63, 2) 
(1, 3): (1, 102) (2, 51) (3, 34) (4, 26) (5, 21) (6, 17) (8, 15) (9, 13) (10, 12) (11, 11) (13, 10) (14, 9) (15, 8) (18, 7) (20, 6) (25, 5) (31, 4) (41, 3) (63, 2) 
(1, 4): (1, 102) (2, 51) (3, 34) (4, 26) (5, 21) (6, 17) (8, 15) (9, 13) (10, 12) (11, 11) (13, 10) (14, 9) (15, 8) (18, 7) (20, 6) (25, 5) (31, 4) (41, 3) (63, 2) 
(2, 0): (1, 102) (2, 51) (3, 34) (4, 26) (5, 21) (6, 17) (8, 15) (9, 13) (10, 12) (11, 11) (13, 10) (14, 9) (15, 8) (18, 7) (20, 6) (25, 5) (31, 4) (41, 3) (63, 2) 
(2, 1): (1, 102) (2, 51) (3, 34) (4, 26) (5, 21) (6, 17) (8, 15) (9, 13) (10, 12) (11, 11) (13, 10) (14, 9) (15, 8) (18, 7) (20, 6) (25, 5) (31, 4) (41, 3) (63, 2) 
(2, 2): (1, 102) (2, 51) (3, 34) (4, 26) (5, 21) (6, 17) (8, 15) (9, 13) (10, 12) (11, 11) (13, 10) (14, 9) (15, 8) (18, 7) (20, 6) (25, 5) (31, 4) (41, 3) (63, 2) 
(2, 3): (1, 102) (2, 51) (3, 34) (4, 26) (5, 21) (6, 17) (8, 15) (9, 13) (10, 12) (11, 11) (13, 10) (14, 9) (15, 8) (18, 7) (20, 6) (25, 5) (31, 4) (41, 3) (63, 2) 
(2, 4): (1, 102) (2, 51) (3, 34) (4, 26) (5, 21) (6, 17) (8, 15) (9, 13) (10, 12) (11, 11) (13, 10) (14, 9) (15, 8) (18, 7) (20, 6) (25, 5) (31, 4) (41, 3) (63, 2) 

42: 
(0, 0): (3, 20) (4, 15) (5, 12) (7, 10) (8, 9) (9, 8) (10, 7) (11, 6) (17, 5) (18, 4) (24, 3) 
(0, 1): (3, 20) (4, 15) (5, 14) (7, 10) (8, 9) (9, 8) (17, 5) 
(0, 2): (3, 20) (4, 15) (5, 13) (7, 10) (8, 9) (9, 8) (10, 7) (17, 5) (18, 4) 
(0, 3): 
(0, 4): 
(1, 0): (3, 20) (4, 15) (5, 12) (7, 10) (8, 9) (9, 8) (10, 7) (11, 6) (17, 5) (18, 4) (24, 3) 
(1, 1): (3, 20) (4, 15) (5, 14) (7, 10) (8, 9) (9, 8) (17, 5) 
(1, 2): (3, 20) (4, 15) (5, 13) (7, 10) (8, 9) (9, 8) (10, 7) (17, 5) (18, 4) 
(1, 3): 
(1, 4): 
(2, 0): (3, 20) (4, 15) (5, 12) (7, 10) (8, 9) (9, 8) (10, 7) (11, 6) (17, 5) (18, 4) (24, 3) 
(2, 1): (3, 20) (4, 15) (5, 14) (7, 10) (8, 9) (9, 8) (17, 5) 
(2, 2): (3, 20) (4, 15) (5, 13) (7, 10) (8, 9) (9, 8) (10, 7) (17, 5) (18, 4) 
(2, 3): 
(2, 4): 

43: 
(0, 0): (3, 30) (4, 22) (5, 18) (6, 15) (8, 13) (9, 11) (10, 10) (11, 9) (13, 8) (15, 7) (18, 6) (21, 5) (26, 4) (36, 3) 
(0, 1): (3, 30) (4, 22) (5, 18) (6, 15) (8, 13) (9, 11) (10, 10) (11, 9) (13, 8) (17, 7) (18, 6) (21, 5) 
(0, 2): (3, 30) (4, 22) (5, 18) (6, 15) (8, 13) (9, 11) (10, 10) (11, 9) (13, 8) (15, 7) (18, 6) (21, 5) (26, 4) 
(0, 3): 
(0, 4): 
(1, 0): (3, 30) (4, 22) (5, 18) (6, 15) (8, 13) (9, 11) (10, 10) (11, 9) (13, 8) (15, 7) (18, 6) (21, 5) (26, 4) (36, 3) 
(1, 1): (3, 30) (4, 22) (5, 18) (6, 15) (8, 13) (9, 11) (10, 10) (11, 9) (13, 8) (17, 7) (18, 6) (21, 5) 
(1, 2): (3, 30) (4, 22) (5, 18) (6, 15) (8, 13) (9, 11) (10, 10) (11, 9) (13, 8) (15, 7) (18, 6) (21, 5) (26, 4) 
(1, 3): 
(1, 4): 
(2, 0): (3, 30) (4, 22) (5, 18) (6, 15) (8, 13) (9, 11) (10, 10) (11, 9) (13, 8) (15, 7) (18, 6) (21, 5) (26, 4) (36, 3) 
(2, 1): (3, 30) (4, 22) (5, 18) (6, 15) (8, 13) (9, 11) (10, 10) (11, 9) (13, 8) (17, 7) (18, 6) (21, 5) 
(2, 2): (3, 30) (4, 22) (5, 18) (6, 15) (8, 13) (9, 11) (10, 10) (11, 9) (13, 8) (15, 7) (18, 6) (21, 5) (26, 4) 
(2, 3): 
(2, 4): 

44: 
(0, 0): (3, 18) (7, 9) (12, 6) (27, 3) 
(0, 1): (3, 20) (7, 11) (12, 8) (27, 5) 
(0, 2): (3, 19) (7, 10) (12, 7) (27, 4) 
(0, 3): 
(0, 4): 
(1, 0): (3, 18) (7, 9) (12, 6) (27, 3) 
(1, 1): (3, 20) (7, 11) (12, 8) (27, 5) 
(1, 2): (3, 19) (7, 10) (12, 7) (27, 4) 
(1, 3): 
(1, 4): 
(2, 0): (3, 18) (7, 9) (12, 6) (27, 3) 
(2, 1): (3, 20) (7, 11) (12, 8) (27, 5) 
(2, 2): (3, 19) (7, 10) (12, 7) (27, 4) 
(2, 3): 
(2, 4): 

45: 
(0, 0): (3, 27) (7, 15) (12, 9) (22, 6) (42, 3) 
(0, 1): (3, 29) (7, 17) (12, 11) (22, 8) (42, 5) 
(0, 2): (3, 28) (7, 16) (12, 10) (22, 7) (42, 4) 
(0, 3): 
(0, 4): 
(1, 0): (3, 27) (7, 15) (12, 9) (22, 6) (42, 3) 
(1, 1): (3, 29) (7, 17) (12, 11) (22, 8) (42, 5) 
(1, 2): (3, 28) (7, 16) (12, 10) (22, 7) (42, 4) 
(1, 3): 
(1, 4): 
(2, 0): (3, 27) (7, 15) (12, 9) (22, 6) (42, 3) 
(2, 1): (3, 29) (7, 17) (12, 11) (22, 8) (42, 5) 
(2, 2): (3, 28) (7, 16) (12, 10) (22, 7) (42, 4) 
(2, 3): 
(2, 4): 

46: 
(0, 0): (3, 34) (4, 26) (5, 21) (7, 17) (8, 15) (9, 13) (10, 12) (12, 11) (13, 10) (14, 9) (17, 8) (18, 7) (20, 6) (32, 4) (41, 3) 
(0, 1): (3, 34) (4, 26) (5, 23) (7, 17) (8, 15) (9, 14) (12, 11) (17, 8) (32, 5) 
(0, 2): (3, 34) (4, 26) (5, 22) (7, 17) (8, 15) (9, 13) (12, 11) (13, 10) (17, 8) (18, 7) (32, 4) 
(0, 3): 
(0, 4): 
(1, 0): (3, 34) (4, 26) (5, 21) (7, 17) (8, 15) (9, 13) (10, 12) (12, 11) (13, 10) (14, 9) (17, 8) (18, 7) (20, 6) (32, 4) (41, 3) 
(1, 1): (3, 34) (4, 26) (5, 23) (7, 17) (8, 15) (9, 14) (12, 11) (17, 8) (32, 5) 
(1, 2): (3, 34) (4, 26) (5, 22) (7, 17) (8, 15) (9, 13) (12, 11) (13, 10) (17, 8) (18, 7) (32, 4) 
(1, 3): 
(1, 4): 
(2, 0): (3, 34) (4, 26) (5, 21) (7, 17) (8, 15) (9, 13) (10, 12) (12, 11) (13, 10) (14, 9) (17, 8) (18, 7) (20, 6) (32, 4) (41, 3) 
(2, 1): (3, 34) (4, 26) (5, 23) (7, 17) (8, 15) (9, 14) (12, 11) (17, 8) (32, 5) 
(2, 2): (3, 34) (4, 26) (5, 22) (7, 17) (8, 15) (9, 13) (12, 11) (13, 10) (17, 8) (18, 7) (32, 4) 
(2, 3): 
(2, 4): 

47: 
(0, 0): (3, 15) (4, 12) (5, 9) (6, 8) (8, 7) (9, 6) (10, 5) (14, 4) (18, 3) 
(0, 1): (3, 15) (4, 12) (5, 9) (6, 8) (8, 7) (9, 6) (10, 5) 
(0, 2): (3, 15) (4, 12) (5, 9) (6, 8) (8, 7) (9, 6) (10, 5) (14, 4) 
(0, 3): 
(0, 4): 
(1, 0): (3, 15) (4, 12) (5, 9) (6, 8) (8, 7) (9, 6) (10, 5) (14, 4) (18, 3) 
(1, 1): (3, 15) (4, 12) (5, 9) (6, 8) (8, 7) (9, 6) (10, 5) 
(1, 2): (3, 15) (4, 12) (5, 9) (6, 8) (8, 7) (9, 6) (10, 5) (14, 4) 
(1, 3): 
(1, 4): 
(2, 0): (3, 15) (4, 12) (5, 9) (6, 8) (8, 7) (9, 6) (10, 5) (14, 4) (18, 3) 
(2, 1): (3, 15) (4, 12) (5, 9) (6, 8) (8, 7) (9, 6) (10, 5) 
(2, 2): (3, 15) (4, 12) (5, 9) (6, 8) (8, 7) (9, 6) (10, 5) (14, 4) 
(2, 3): 
(2, 4): 

48: 
(0, 0): (3, 32) (4, 24) (5, 19) (6, 16) (8, 14) (9, 12) (10, 11) (11, 10) (13, 9) (14, 8) (16, 7) (19, 6) (23, 5) (29, 4) (39, 3) 
(0, 1): (3, 32) (4, 24) (5, 19) (6, 16) (8, 14) (9, 12) (10, 11) (11, 10) (13, 9) (14, 8) (16, 7) (19, 6) (23, 5) 
(0, 2): (3, 32) (4, 24) (5, 19) (6, 16) (8, 14) (9, 12) (10, 11) (11, 10) (13, 9) (14, 8) (16, 7) (19, 6) (23, 5) (29, 4) 
(0, 3): 
(0, 4): 
(1, 0): (3, 32) (4, 24) (5, 19) (6, 16) (8, 14) (9, 12) (10, 11) (11, 10) (13, 9) (14, 8) (16, 7) (19, 6) (23, 5) (29, 4) (39, 3) 
(1, 1): (3, 32) (4, 24) (5, 19) (6, 16) (8, 14) (9, 12) (10, 11) (11, 10) (13, 9) (14, 8) (16, 7) (19, 6) (23, 5) 
(1, 2): (3, 32) (4, 24) (5, 19) (6, 16) (8, 14) (9, 12) (10, 11) (11, 10) (13, 9) (14, 8) (16, 7) (19, 6) (23, 5) (29, 4) 
(1, 3): 
(1, 4): 
(2, 0): (3, 32) (4, 24) (5, 19) (6, 16) (8, 14) (9, 12) (10, 11) (11, 10) (13, 9) (14, 8) (16, 7) (19, 6) (23, 5) (29, 4) (39, 3) 
(2, 1): (3, 32) (4, 24) (5, 19) (6, 16) (8, 14) (9, 12) (10, 11) (11, 10) (13, 9) (14, 8) (16, 7) (19, 6) (23, 5) 
(2, 2): (3, 32) (4, 24) (5, 19) (6, 16) (8, 14) (9, 12) (10, 11) (11, 10) (13, 9) (14, 8) (16, 7) (19, 6) (23, 5) (29, 4) 
(2, 3): 
(2, 4): 

49: 
(0, 0): (3, 35) (4, 27) (7, 18) (8, 15) (12, 11) (13, 10) (14, 9) (22, 6) (42, 4) (43, 3) 
(0, 1): (3, 35) (4, 29) (7, 18) (8, 17) (12, 11) (22, 8) (42, 5) 
(0, 2): (3, 35) (4, 28) (7, 18) (8, 16) (12, 11) (13, 10) (22, 7) (42, 4) 
(0, 3): 
(0, 4): 
(1, 0): (3, 35) (4, 27) (7, 18) (8, 15) (12, 11) (13, 10) (14, 9) (22, 6) (42, 4) (43, 3) 
(1, 1): (3, 35) (4, 29) (7, 18) (8, 17) (12, 11) (22, 8) (42, 5) 
(1, 2): (3, 35) (4, 28) (7, 18) (8, 16) (12, 11) (13, 10) (22, 7) (42, 4) 
(1, 3): 
(1, 4): 
(2, 0): (3, 35) (4, 27) (7, 18) (8, 15) (12, 11) (13, 10) (14, 9) (22, 6) (42, 4) (43, 3) 
(2, 1): (3, 35) (4, 29) (7, 18) (8, 17) (12, 11) (22, 8) (42, 5) 
(2, 2): (3, 35) (4, 28) (7, 18) (8, 16) (12, 11) (13, 10) (22, 7) (42, 4) 
(2, 3): 
(2, 4): 

50: 
(0, 0): (1, 13) (2, 7) (3, 5) (4, 4) (5, 3) (8, 2) (15, 1) 
(0, 1): (1, 13) (2, 7) (3, 5) (4, 4) (5, 3) (8, 2) (15, 1) 
(0, 2): (1, 13) (2, 7) (3, 5) (4, 4) (5, 3) (8, 2) (15, 1) 
(0, 3): (1, 13) (2, 7) (3, 5) (4, 4) (5, 3) (8, 2) (15, 1) 
(0, 4): (1, 13) (2, 7) (3, 5) (4, 4) (5, 3) (8, 2) (15, 1) 
(1, 0): (1, 13) (2, 7) (3, 5) (4, 4) (5, 3) (8, 2) (15, 1) 
(1, 1): (1, 13) (2, 7) (3, 5) (4, 4) (5, 3) (8, 2) (15, 1) 
(1, 2): (1, 13) (2, 7) (3, 5) (4, 4) (5, 3) (8, 2) (15, 1) 
(1, 3): (1, 13) (2, 7) (3, 5) (4, 4) (5, 3) (8, 2) (15, 1) 
(1, 4): (1, 13) (2, 7) (3, 5) (4, 4) (5, 3) (8, 2) (15, 1) 
(2, 0): (1, 13) (2, 7) (3, 5) (4, 4) (5, 3) (8, 2) (15, 1) 
(2, 1): (1, 13) (2, 7) (3, 5) (4, 4) (5, 3) (8, 2) (15, 1) 
(2, 2): (1, 13) (2, 7) (3, 5) (4, 4) (5, 3) (8, 2) (15, 1) 
(2, 3): (1, 13) (2, 7) (3, 5) (4, 4) (5, 3) (8, 2) (15, 1) 
(2, 4): (1, 13) (2, 7) (3, 5) (4, 4) (5, 3) (8, 2) (15, 1) 

51: 
(0, 0): (3, 39) (4, 29) (5, 24) (6, 21) (7, 20) (8, 17) (9, 15) (10, 13) (11, 12) (13, 11) (14, 10) (15, 9) (18, 8) (20, 7) (24, 6) (32, 5) (35, 4) (48, 3) 
(0, 1): (3, 39) (4, 29) (5, 24) (6, 23) (7, 20) (8, 17) (9, 15) (10, 14) (12, 12) (13, 11) (17, 9) (18, 8) (32, 5) 
(0, 2): (3, 39) (4, 29) (5, 24) (6, 22) (7, 20) (8, 17) (9, 15) (10, 13) (12, 12) (13, 11) (14, 10) (17, 9) (18, 8) (20, 7) (32, 5) (35, 4) 
(0, 3): 
(0, 4): 
(1, 0): (3, 39) (4, 29) (5, 24) (6, 21) (7, 20) (8, 17) (9, 15) (10, 13) (11, 12) (13, 11) (14, 10) (15, 9) (18, 8) (20, 7) (24, 6) (32, 5) (35, 4) (48, 3) 
(1, 1): (3, 39) (4, 29) (5, 24) (6, 23) (7, 20) (8, 17) (9, 15) (10, 14) (12, 12) (13, 11) (17, 9) (18, 8) (32, 5) 
(1, 2): (3, 39) (4, 29) (5, 24) (6, 22) (7, 20) (8, 17) (9, 15) (10, 13) (12, 12) (13, 11) (14, 10) (17, 9) (18, 8) (20, 7) (32, 5) (35, 4) 
(1, 3): 
(1, 4): 
(2, 0): (3, 39) (4, 29) (5, 24) (6, 21) (7, 20) (8, 17) (9, 15) (10, 13) (11, 12) (13, 11) (14, 10) (15, 9) (18, 8) (20, 7) (24, 6) (32, 5) (35, 4) (48, 3) 
(2, 1): (3, 39) (4, 29) (5, 24) (6, 23) (7, 20) (8, 17) (9, 15) (10, 14) (12, 12) (13, 11) (17, 9) (18, 8) (32, 5) 
(2, 2): (3, 39) (4, 29) (5, 24) (6, 22) (7, 20) (8, 17) (9, 15) (10, 13) (12, 12) (13, 11) (14, 10) (17, 9) (18, 8) (20, 7) (32, 5) (35, 4) 
(2, 3): 
(2, 4): 

52: 
(0, 0): (3, 33) (4, 25) (5, 24) (7, 17) (8, 14) (9, 13) (10, 12) (12, 10) (13, 9) (17, 7) (20, 6) (37, 4) (40, 3) 
(0, 1): (3, 33) (4, 26) (7, 17) (8, 14) (12, 11) (17, 8) (37, 5) 
(0, 2): (3, 33) (4, 25) (7, 17) (8, 14) (9, 13) (12, 10) (17, 7) (37, 4) 
(0, 3): 
(0, 4): 
(1, 0): (3, 33) (4, 25) (5, 24) (7, 17) (8, 14) (9, 13) (10, 12) (12, 10) (13, 9) (17, 7) (20, 6) (37, 4) (40, 3) 
(1, 1): (3, 33) (4, 26) (7, 17) (8, 14) (12, 11) (17, 8) (37, 5) 
(1, 2): (3, 33) (4, 25) (7, 17) (8, 14) (9, 13) (12, 10) (17, 7) (37, 4) 
(1, 3): 
(1, 4): 
(2, 0): (3, 33) (4, 25) (5, 24) (7, 17) (8, 14) (9, 13) (10, 12) (12, 10) (13, 9) (17, 7) (20, 6) (37, 4) (40, 3) 
(2, 1): (3, 33) (4, 26) (7, 17) (8, 14) (12, 11) (17, 8) (37, 5) 
(2, 2): (3, 33) (4, 25) (7, 17) (8, 14) (9, 13) (12, 10) (17, 7) (37, 4) 
(2, 3): 
(2, 4): 

53: 
(0, 0): (3, 30) (4, 23) (5, 18) (6, 15) (8, 13) (9, 12) (10, 10) (11, 9) (14, 8) (15, 7) (18, 6) (22, 5) (28, 4) (36, 3) 
(0, 1): (3, 30) (4, 23) (5, 18) (6, 17) (7, 15) (8, 13) (9, 12) (10, 11) (12, 9) (14, 8) (22, 5) 
(0, 2): (3, 30) (4, 23) (5, 18) (6, 16) (7, 15) (8, 13) (9, 12) (10, 10) (12, 9) (14, 8) (15, 7) (22, 5) (28, 4) 
(0, 3): 
(0, 4): 
(1, 0): (3, 30) (4, 23) (5, 18) (6, 15) (8, 13) (9, 12) (10, 10) (11, 9) (14, 8) (15, 7) (18, 6) (22, 5) (28, 4) (36, 3) 
(1, 1): (3, 30) (4, 23) (5, 18) (6, 17) (7, 15) (8, 13) (9, 12) (10, 11) (12, 9) (14, 8) (22, 5) 
(1, 2): (3, 30) (4, 23) (5, 18) (6, 16) (7, 15) (8, 13) (9, 12) (10, 10) (12, 9) (14, 8) (15, 7) (22, 5) (28, 4) 
(1, 3): 
(1, 4): 
(2, 0): (3, 30) (4, 23) (5, 18) (6, 15) (8, 13) (9, 12) (10, 10) (11, 9) (14, 8) (15, 7) (18, 6) (22, 5) (28, 4) (36, 3) 
(2, 1): (3, 30) (4, 23) (5, 18) (6, 17) (7, 15) (8, 13) (9, 12) (10, 11) (12, 9) (14, 8) (22, 5) 
(2, 2): (3, 30) (4, 23) (5, 18) (6, 16) (7, 15) (8, 13) (9, 12) (10, 10) (12, 9) (14, 8) (15, 7) (22, 5) (28, 4) 
(2, 3): 
(2, 4): 

54: 
(0, 0): (1, 92) (2, 46) (3, 31) (4, 23) (5, 19) (6, 16) (8, 14) (9, 12) (10, 11) (11, 10) (13, 9) (14, 8) (16, 7) (19, 6) (23, 5) (28, 4) (38, 3) (56, 2) (114, 1) 
(0, 1): (1, 92) (2, 46) (3, 31) (4, 23) (5, 19) (6, 16) (8, 14) (9, 12) (10, 11) (11, 10) (13, 9) (14, 8) (16, 7) (19, 6) (23, 5) (28, 4) (38, 3) (56, 2) (114, 1) 
(0, 2): (1, 92) (2, 46) (3, 31) (4, 23) (5, 19) (6, 16) (8, 14) (9, 12) (10, 11) (11, 10) (13, 9) (14, 8) (16, 7) (19, 6) (23, 5) (28, 4) (38, 3) (56, 2) (114, 1) 
(0, 3): (1, 92) (2, 46) (3, 31) (4, 23) (5, 19) (6, 16) (8, 14) (9, 12) (10, 11) (11, 10) (13, 9) (14, 8) (16, 7) (19, 6) (23, 5) (28, 4) (38, 3) (56, 2) (114, 1) 
(0, 4): (1, 92) (2, 46) (3, 31) (4, 23) (5, 19) (6, 16) (8, 14) (9, 12) (10, 11) (11, 10) (13, 9) (14, 8) (16, 7) (19, 6) (23, 5) (28, 4) (38, 3) (56, 2) (114, 1) 
(1, 0): (1, 92) (2, 46) (3, 31) (4, 23) (5, 19) (6, 16) (8, 14) (9, 12) (10, 11) (11, 10) (13, 9) (14, 8) (16, 7) (19, 6) (23, 5) (28, 4) (38, 3) (56, 2) (114, 1) 
(1, 1): (1, 92) (2, 46) (3, 31) (4, 23) (5, 19) (6, 16) (8, 14) (9, 12) (10, 11) (11, 10) (13, 9) (14, 8) (16, 7) (19, 6) (23, 5) (28, 4) (38, 3) (56, 2) (114, 1) 
(1, 2): (1, 92) (2, 46) (3, 31) (4, 23) (5, 19) (6, 16) (8, 14) (9, 12) (10, 11) (11, 10) (13, 9) (14, 8) (16, 7) (19, 6) (23, 5) (28, 4) (38, 3) (56, 2) (114, 1) 
(1, 3): (1, 92) (2, 46) (3, 31) (4, 23) (5, 19) (6, 16) (8, 14) (9, 12) (10, 11) (11, 10) (13, 9) (14, 8) (16, 7) (19, 6) (23, 5) (28, 4) (38, 3) (56, 2) (114, 1) 
(1, 4): (1, 92) (2, 46) (3, 31) (4, 23) (5, 19) (6, 16) (8, 14) (9, 12) (10, 11) (11, 10) (13, 9) (14, 8) (16, 7) (19, 6) (23, 5) (28, 4) (38, 3) (56, 2) (114, 1) 
(2, 0): (1, 92) (2, 46) (3, 31) (4, 23) (5, 19) (6, 16) (8, 14) (9, 12) (10, 11) (11, 10) (13, 9) (14, 8) (16, 7) (19, 6) (23, 5) (28, 4) (38, 3) (56, 2) (114, 1) 
(2, 1): (1, 92) (2, 46) (3, 31) (4, 23) (5, 19) (6, 16) (8, 14) (9, 12) (10, 11) (11, 10) (13, 9) (14, 8) (16, 7) (19, 6) (23, 5) (28, 4) (38, 3) (56, 2) (114, 1) 
(2, 2): (1, 92) (2, 46) (3, 31) (4, 23) (5, 19) (6, 16) (8, 14) (9, 12) (10, 11) (11, 10) (13, 9) (14, 8) (16, 7) (19, 6) (23, 5) (28, 4) (38, 3) (56, 2) (114, 1) 
(2, 3): (1, 92) (2, 46) (3, 31) (4, 23) (5, 19) (6, 16) (8, 14) (9, 12) (10, 11) (11, 10) (13, 9) (14, 8) (16, 7) (19, 6) (23, 5) (28, 4) (38, 3) (56, 2) (114, 1) 
(2, 4): (1, 92) (2, 46) (3, 31) (4, 23) (5, 19) (6, 16) (8, 14) (9, 12) (10, 11) (11, 10) (13, 9) (14, 8) (16, 7) (19, 6) (23, 5) (28, 4) (38, 3) (56, 2) (114, 1) 

55: 
(0, 0): (3, 24) (7, 12) (12, 9) (17, 6) (37, 3) 
(0, 1): (7, 14) (12, 11) (17, 8) (37, 5) 
(0, 2): (7, 13) (12, 10) (17, 7) (37, 4) 
(0, 3): 
(0, 4): 
(1, 0): (3, 24) (7, 12) (12, 9) (17, 6) (37, 3) 
(1, 1): (7, 14) (12, 11) (17, 8) (37, 5) 
(1, 2): (7, 13) (12, 10) (17, 7) (37, 4) 
(1, 3): 
(1, 4): 
(2, 0): (3, 24) (7, 12) (12, 9) (17, 6) (37, 3) 
(2, 1): (7, 14) (12, 11) (17, 8) (37, 5) 
(2, 2): (7, 13) (12, 10) (17, 7) (37, 4) 
(2, 3): 
(2, 4): 

56: 
(0, 0): (3, 24) (7, 12) (12, 9) (17, 6) (37, 3) 
(0, 1): (3, 26) (7, 14) (12, 11) (17, 8) (37, 5) 
(0, 2): (3, 25) (7, 13) (12, 10) (17, 7) (37, 4) 
(0, 3): 
(0, 4): 
(1, 0): (3, 24) (7, 12) (12, 9) (17, 6) (37, 3) 
(1, 1): (3, 26) (7, 14) (12, 11) (17, 8) (37, 5) 
(1, 2): (3, 25) (7, 13) (12, 10) (17, 7) (37, 4) 
(1, 3): 
(1, 4): 
(2, 0): (3, 24) (7, 12) (12, 9) (17, 6) (37, 3) 
(2, 1): (3, 26) (7, 14) (12, 11) (17, 8) (37, 5) 
(2, 2): (3, 25) (7, 13) (12, 10) (17, 7) (37, 4) 
(2, 3): 
(2, 4): 

57: 
(0, 0): (3, 15) (7, 9) (12, 6) (22, 3) 
(0, 1): (3, 17) (7, 11) (12, 8) (22, 5) 
(0, 2): (3, 16) (7, 10) (12, 7) (22, 4) 
(0, 3): 
(0, 4): 
(1, 0): (3, 15) (7, 9) (12, 6) (22, 3) 
(1, 1): (3, 17) (7, 11) (12, 8) (22, 5) 
(1, 2): (3, 16) (7, 10) (12, 7) (22, 4) 
(1, 3): 
(1, 4): 
(2, 0): (3, 15) (7, 9) (12, 6) (22, 3) 
(2, 1): (3, 17) (7, 11) (12, 8) (22, 5) 
(2, 2): (3, 16) (7, 10) (12, 7) (22, 4) 
(2, 3): 
(2, 4): 

58: 
(0, 0): (3, 24) (7, 12) (12, 9) (17, 6) (37, 3) 
(0, 1): (3, 26) (7, 14) (12, 11) (17, 8) (37, 5) 
(0, 2): (3, 25) (7, 13) (12, 10) (17, 7) (37, 4) 
(0, 3): 
(0, 4): 
(1, 0): (3, 24) (7, 12) (12, 9) (17, 6) (37, 3) 
(1, 1): (3, 26) (7, 14) (12, 11) (17, 8) (37, 5) 
(1, 2): (3, 25) (7, 13) (12, 10) (17, 7) (37, 4) 
(1, 3): 
(1, 4): 
(2, 0): (3, 24) (7, 12) (12, 9) (17, 6) (37, 3) 
(2, 1): (3, 26) (7, 14) (12, 11) (17, 8) (37, 5) 
(2, 2): (3, 25) (7, 13) (12, 10) (17, 7) (37, 4) 
(2, 3): 
(2, 4): 

59: 
(0, 0): (3, 13) (4, 10) (5, 8) (6, 7) (8, 6) (9, 5) (11, 4) (15, 3) 
(0, 1): (3, 13) (4, 10) (5, 8) (6, 7) (8, 6) (9, 5) 
(0, 2): (3, 13) (4, 10) (5, 8) (6, 7) (8, 6) (9, 5) (11, 4) 
(0, 3): 
(0, 4): 
(1, 0): (3, 13) (4, 10) (5, 8) (6, 7) (8, 6) (9, 5) (11, 4) (15, 3) 
(1, 1): (3, 13) (4, 10) (5, 8) (6, 7) (8, 6) (9, 5) 
(1, 2): (3, 13) (4, 10) (5, 8) (6, 7) (8, 6) (9, 5) (11, 4) 
(1, 3): 
(1, 4): 
(2, 0): (3, 13) (4, 10) (5, 8) (6, 7) (8, 6) (9, 5) (11, 4) (15, 3) 
(2, 1): (3, 13) (4, 10) (5, 8) (6, 7) (8, 6) (9, 5) 
(2, 2): (3, 13) (4, 10) (5, 8) (6, 7) (8, 6) (9, 5) (11, 4) 
(2, 3): 
(2, 4): 

60: 
(0, 0): (3, 5) (4, 4) (5, 3) 
(0, 1): (3, 5) 
(0, 2): (3, 5) (4, 4) 
(0, 3): 
(0, 4): 
(1, 0): (3, 5) (4, 4) (5, 3) 
(1, 1): (3, 5) 
(1, 2): (3, 5) (4, 4) 
(1, 3): 
(1, 4): 
(2, 0): (3, 5) (4, 4) (5, 3) 
(2, 1): (3, 5) 
(2, 2): (3, 5) (4, 4) 
(2, 3): 
(2, 4): 

61: 
(0, 0): (3, 18) (7, 9) (12, 6) (27, 3) 
(0, 1): (3, 20) (7, 11) (12, 8) (27, 5) 
(0, 2): (3, 19) (7, 10) (12, 7) (27, 4) 
(0, 3): 
(0, 4): 
(1, 0): (3, 18) (7, 9) (12, 6) (27, 3) 
(1, 1): (3, 20) (7, 11) (12, 8) (27, 5) 
(1, 2): (3, 19) (7, 10) (12, 7) (27, 4) 
(1, 3): 
(1, 4): 
(2, 0): (3, 18) (7, 9) (12, 6) (27, 3) 
(2, 1): (3, 20) (7, 11) (12, 8) (27, 5) 
(2, 2): (3, 19) (7, 10) (12, 7) (27, 4) 
(2, 3): 
(2, 4): 

62: 
(0, 0): (3, 23) (4, 18) (5, 14) (6, 12) (8, 10) (9, 9) (10, 8) (11, 7) (14, 6) (17, 5) (21, 4) (28, 3) 
(0, 1): (3, 23) (4, 18) (5, 14) (7, 12) (8, 10) (9, 9) (10, 8) (17, 5) 
(0, 2): (3, 23) (4, 18) (5, 14) (6, 13) (7, 12) (8, 10) (9, 9) (10, 8) (11, 7) (17, 5) (21, 4) 
(0, 3): 
(0, 4): 
(1, 0): (3, 23) (4, 18) (5, 14) (6, 12) (8, 10) (9, 9) (10, 8) (11, 7) (14, 6) (17, 5) (21, 4) (28, 3) 
(1, 1): (3, 23) (4, 18) (5, 14) (7, 12) (8, 10) (9, 9) (10, 8) (17, 5) 
(1, 2): (3, 23) (4, 18) (5, 14) (6, 13) (7, 12) (8, 10) (9, 9) (10, 8) (11, 7) (17, 5) (21, 4) 
(1, 3): 
(1, 4): 
(2, 0): (3, 23) (4, 18) (5, 14) (6, 12) (8, 10) (9, 9) (10, 8) (11, 7) (14, 6) (17, 5) (21, 4) (28, 3) 
(2, 1): (3, 23) (4, 18) (5, 14) (7, 12) (8, 10) (9, 9) (10, 8) (17, 5) 
(2, 2): (3, 23) (4, 18) (5, 14) (6, 13) (7, 12) (8, 10) (9, 9) (10, 8) (11, 7) (17, 5) (21, 4) 
(2, 3): 
(2, 4): 

63: 
(0, 0): (3, 22) (4, 18) (7, 11) (8, 10) (9, 9) (12, 7) (13, 6) (27, 3) 
(0, 1): (3, 22) (4, 20) (7, 11) (12, 8) (27, 5) 
(0, 2): (3, 22) (4, 19) (7, 11) (8, 10) (12, 7) (27, 4) 
(0, 3): 
(0, 4): 
(1, 0): (3, 22) (4, 18) (7, 11) (8, 10) (9, 9) (12, 7) (13, 6) (27, 3) 
(1, 1): (3, 22) (4, 20) (7, 11) (12, 8) (27, 5) 
(1, 2): (3, 22) (4, 19) (7, 11) (8, 10) (12, 7) (27, 4) 
(1, 3): 
(1, 4): 
(2, 0): (3, 22) (4, 18) (7, 11) (8, 10) (9, 9) (12, 7) (13, 6) (27, 3) 
(2, 1): (3, 22) (4, 20) (7, 11) (12, 8) (27, 5) 
(2, 2): (3, 22) (4, 19) (7, 11) (8, 10) (12, 7) (27, 4) 
(2, 3): 
(2, 4): 

64: 
(0, 0): (3, 35) (4, 26) (5, 21) (7, 18) (8, 15) (9, 13) (10, 12) (12, 11) (13, 10) (14, 9) (17, 8) (18, 7) (21, 6) (32, 4) (43, 3) 
(0, 1): (3, 35) (4, 26) (5, 23) (7, 18) (8, 15) (9, 14) (12, 11) (17, 8) (32, 5) 
(0, 2): (3, 35) (4, 26) (5, 22) (7, 18) (8, 15) (9, 13) (12, 11) (13, 10) (17, 8) (18, 7) (32, 4) 
(0, 3): 
(0, 4): 
(1, 0): (3, 35) (4, 26) (5, 21) (7, 18) (8, 15) (9, 13) (10, 12) (12, 11) (13, 10) (14, 9) (17, 8) (18, 7) (21, 6) (32, 4) (43, 3) 
(1, 1): (3, 35) (4, 26) (5, 23) (7, 18) (8, 15) (9, 14) (12, 11) (17, 8) (32, 5) 
(1, 2): (3, 35) (4, 26) (5, 22) (7, 18) (8, 15) (9, 13) (12, 11) (13, 10) (17, 8) (18, 7) (32, 4) 
(1, 3): 
(1, 4): 
(2, 0): (3, 35) (4, 26) (5, 21) (7, 18) (8, 15) (9, 13) (10, 12) (12, 11) (13, 10) (14, 9) (17, 8) (18, 7) (21, 6) (32, 4) (43, 3) 
(2, 1): (3, 35) (4, 26) (5, 23) (7, 18) (8, 15) (9, 14) (12, 11) (17, 8) (32, 5) 
(2, 2): (3, 35) (4, 26) (5, 22) (7, 18) (8, 15) (9, 13) (12, 11) (13, 10) (17, 8) (18, 7) (32, 4) 
(2, 3): 
(2, 4): 

65: 
(0, 0): (3, 18) (7, 9) (12, 6) (27, 3) 
(0, 1): (7, 11) (12, 8) (27, 5) 
(0, 2): (7, 10) (12, 7) (27, 4) 
(0, 3): 
(0, 4): 
(1, 0): (3, 18) (7, 9) (12, 6) (27, 3) 
(1, 1): (7, 11) (12, 8) (27, 5) 
(1, 2): (7, 10) (12, 7) (27, 4) 
(1, 3): 
(1, 4): 
(2, 0): (3, 18) (7, 9) (12, 6) (27, 3) 
(2, 1): (7, 11) (12, 8) (27, 5) 
(2, 2): (7, 10) (12, 7) (27, 4) 
(2, 3): 
(2, 4): 

66: 
(0, 0): (3, 26) (4, 24) (7, 13) (8, 12) (12, 9) (17, 6) (37, 3) 
(0, 1): (3, 26) (7, 14) (12, 11) (17, 8) (37, 5) 
(0, 2): (3, 26) (4, 25) (7, 13) (12, 10) (17, 7) (37, 4) 
(0, 3): 
(0, 4): 
(1, 0): (3, 26) (4, 24) (7, 13) (8, 12) (12, 9) (17, 6) (37, 3) 
(1, 1): (3, 26) (7, 14) (12, 11) (17, 8) (37, 5) 
(1, 2): (3, 26) (4, 25) (7, 13) (12, 10) (17, 7) (37, 4) 
(1, 3): 
(1, 4): 
(2, 0): (3, 26) (4, 24) (7, 13) (8, 12) (12, 9) (17, 6) (37, 3) 
(2, 1): (3, 26) (7, 14) (12, 11) (17, 8) (37, 5) 
(2, 2): (3, 26) (4, 25) (7, 13) (12, 10) (17, 7) (37, 4) 
(2, 3): 
(2, 4): 

67: 
(0, 0): (3, 9) (4, 7) (5, 6) (7, 5) (8, 4) (10, 3) 
(0, 1): (3, 9) (4, 8) (7, 5) 
(0, 2): (3, 9) (4, 7) (7, 5) (8, 4) 
(0, 3): 
(0, 4): 
(1, 0): (3, 9) (4, 7) (5, 6) (7, 5) (8, 4) (10, 3) 
(1, 1): (3, 9) (4, 8) (7, 5) 
(1, 2): (3, 9) (4, 7) (7, 5) (8, 4) 
(1, 3): 
(1, 4): 
(2, 0): (3, 9) (4, 7) (5, 6) (7, 5) (8, 4) (10, 3) 
(2, 1): (3, 9) (4, 8) (7, 5) 
(2, 2): (3, 9) (4, 7) (7, 5) (8, 4) 
(2, 3): 
(2, 4): 

68: 
(0, 0): (1, 11) (2, 6) (3, 4) (4, 3) (6, 2) (13, 1) 
(0, 1): (1, 11) (2, 6) (3, 4) (4, 3) (6, 2) (13, 1) 
(0, 2): (1, 11) (2, 6) (3, 4) (4, 3) (6, 2) (13, 1) 
(0, 3): (1, 11) (2, 6) (3, 4) (4, 3) (6, 2) (13, 1) 
(0, 4): (1, 11) (2, 6) (3, 4) (4, 3) (6, 2) (13, 1) 
(1, 0): (1, 11) (2, 6) (3, 4) (4, 3) (6, 2) (13, 1) 
(1, 1): (1, 11) (2, 6) (3, 4) (4, 3) (6, 2) (13, 1) 
(1, 2): (1, 11) (2, 6) (3, 4) (4, 3) (6, 2) (13, 1) 
(1, 3): (1, 11) (2, 6) (3, 4) (4, 3) (6, 2) (13, 1) 
(1, 4): (1, 11) (2, 6) (3, 4) (4, 3) (6, 2) (13, 1) 
(2, 0): (1, 11) (2, 6) (3, 4) (4, 3) (6, 2) (13, 1) 
(2, 1): (1, 11) (2, 6) (3, 4) (4, 3) (6, 2) (13, 1) 
(2, 2): (1, 11) (2, 6) (3, 4) (4, 3) (6, 2) (13, 1) 
(2, 3): (1, 11) (2, 6) (3, 4) (4, 3) (6, 2) (13, 1) 
(2, 4): (1, 11) (2, 6) (3, 4) (4, 3) (6, 2) (13, 1) 

69: 
(0, 0): (2, 53) (3, 35) (4, 27) (5, 21) (6, 18) (8, 15) (9, 14) (10, 12) (11, 11) (13, 10) (14, 9) (16, 8) (18, 7) (21, 6) (25, 5) (33, 4) (43, 3) (65, 2) 
(0, 1): (2, 53) (3, 35) (4, 27) (5, 21) (6, 18) (8, 15) (9, 14) (10, 12) (11, 11) (13, 10) (14, 9) (16, 8) (18, 7) (21, 6) (25, 5) (33, 4) (43, 3) (65, 2) 
(0, 2): (2, 53) (3, 35) (4, 27) (5, 21) (6, 18) (8, 15) (9, 14) (10, 12) (11, 11) (13, 10) (14, 9) (16, 8) (18, 7) (21, 6) (25, 5) (33, 4) (43, 3) (65, 2) 
(0, 3): (2, 53) (3, 35) (4, 27) (5, 21) (6, 18) (8, 15) (9, 14) (10, 12) (11, 11) (13, 10) (14, 9) (16, 8) (18, 7) (21, 6) (25, 5) (33, 4) (43, 3) (65, 2) 
(0, 4): (2, 53) (3, 35) (4, 27) (5, 21) (6, 18) (8, 15) (9, 14) (10, 12) (11, 11) (13, 10) (14, 9) (16, 8) (18, 7) (21, 6) (25, 5) (33, 4) (43, 3) (65, 2) 
(1, 0): (2, 53) (3, 35) (4, 27) (5, 21) (6, 18) (8, 15) (9, 14) (10, 12) (11, 11) (13, 10) (14, 9) (16, 8) (18, 7) (21, 6) (25, 5) (33, 4) (43, 3) (65, 2) 
(1, 1): (2, 53) (3, 35) (4, 27) (5, 21) (6, 18) (8, 15) (9, 14) (10, 12) (11, 11) (13, 10) (14, 9) (16, 8) (18, 7) (21, 6) (25, 5) (33, 4) (43, 3) (65, 2) 
(1, 2): (2, 53) (3, 35) (4, 27) (5, 21) (6, 18) (8, 15) (9, 14) (10, 12) (11, 11) (13, 10) (14, 9) (16, 8) (18, 7) (21, 6) (25, 5) (33, 4) (43, 3) (65, 2) 
(1, 3): (2, 53) (3, 35) (4, 27) (5, 21) (6, 18) (8, 15) (9, 14) (10, 12) (11, 11) (13, 10) (14, 9) (16, 8) (18, 7) (21, 6) (25, 5) (33, 4) (43, 3) (65, 2) 
(1, 4): (2, 53) (3, 35) (4, 27) (5, 21) (6, 18) (8, 15) (9, 14) (10, 12) (11, 11) (13, 10) (14, 9) (16, 8) (18, 7) (21, 6) (25, 5) (33, 4) (43, 3) (65, 2) 
(2, 0): (2, 53) (3, 35) (4, 27) (5, 21) (6, 18) (8, 15) (9, 14) (10, 12) (11, 11) (13, 10) (14, 9) (16, 8) (18, 7) (21, 6) (25, 5) (33, 4) (43, 3) (65, 2) 
(2, 1): (2, 53) (3, 35) (4, 27) (5, 21) (6, 18) (8, 15) (9, 14) (10, 12) (11, 11) (13, 10) (14, 9) (16, 8) (18, 7) (21, 6) (25, 5) (33, 4) (43, 3) (65, 2) 
(2, 2): (2, 53) (3, 35) (4, 27) (5, 21) (6, 18) (8, 15) (9, 14) (10, 12) (11, 11) (13, 10) (14, 9) (16, 8) (18, 7) (21, 6) (25, 5) (33, 4) (43, 3) (65, 2) 
(2, 3): (2, 53) (3, 35) (4, 27) (5, 21) (6, 18) (8, 15) (9, 14) (10, 12) (11, 11) (13, 10) (14, 9) (16, 8) (18, 7) (21, 6) (25, 5) (33, 4) (43, 3) (65, 2) 
(2, 4): (2, 53) (3, 35) (4, 27) (5, 21) (6, 18) (8, 15) (9, 14) (10, 12) (11, 11) (13, 10) (14, 9) (16, 8) (18, 7) (21, 6) (25, 5) (33, 4) (43, 3) (65, 2) 

70: 
(0, 0): (3, 30) (7, 15) (12, 12) (17, 9) (22, 6) (47, 3) 
(0, 1): (3, 32) (7, 17) (12, 14) (17, 11) (22, 8) (47, 5) 
(0, 2): (3, 31) (7, 16) (12, 13) (17, 10) (22, 7) (47, 4) 
(0, 3): 
(0, 4): 
(1, 0): (3, 30) (7, 15) (12, 12) (17, 9) (22, 6) (47, 3) 
(1, 1): (3, 32) (7, 17) (12, 14) (17, 11) (22, 8) (47, 5) 
(1, 2): (3, 31) (7, 16) (12, 13) (17, 10) (22, 7) (47, 4) 
(1, 3): 
(1, 4): 
(2, 0): (3, 30) (7, 15) (12, 12) (17, 9) (22, 6) (47, 3) 
(2, 1): (3, 32) (7, 17) (12, 14) (17, 11) (22, 8) (47, 5) 
(2, 2): (3, 31) (7, 16) (12, 13) (17, 10) (22, 7) (47, 4) 
(2, 3): 
(2, 4): 

71: 
(0, 0): (3, 25) (4, 19) (5, 15) (6, 13) (8, 11) (9, 10) (10, 9) (11, 8) (13, 7) (15, 6) (18, 5) (23, 4) (30, 3) 
(0, 1): (3, 25) (4, 19) (5, 15) (6, 13) (8, 11) (9, 10) (10, 9) (11, 8) (13, 7) (15, 6) (18, 5) 
(0, 2): (3, 25) (4, 19) (5, 15) (6, 13) (8, 11) (9, 10) (10, 9) (11, 8) (13, 7) (15, 6) (18, 5) (23, 4) 
(0, 3): 
(0, 4): 
(1, 0): (3, 25) (4, 19) (5, 15) (6, 13) (8, 11) (9, 10) (10, 9) (11, 8) (13, 7) (15, 6) (18, 5) (23, 4) (30, 3) 
(1, 1): (3, 25) (4, 19) (5, 15) (6, 13) (8, 11) (9, 10) (10, 9) (11, 8) (13, 7) (15, 6) (18, 5) 
(1, 2): (3, 25) (4, 19) (5, 15) (6, 13) (8, 11) (9, 10) (10, 9) (11, 8) (13, 7) (15, 6) (18, 5) (23, 4) 
(1, 3): 
(1, 4): 
(2, 0): (3, 25) (4, 19) (5, 15) (6, 13) (8, 11) (9, 10) (10, 9) (11, 8) (13, 7) (15, 6) (18, 5) (23, 4) (30, 3) 
(2, 1): (3, 25) (4, 19) (5, 15) (6, 13) (8, 11) (9, 10) (10, 9) (11, 8) (13, 7) (15, 6) (18, 5) 
(2, 2): (3, 25) (4, 19) (5, 15) (6, 13) (8, 11) (9, 10) (10, 9) (11, 8) (13, 7) (15, 6) (18, 5) (23, 4) 
(2, 3): 
(2, 4): 

72: 
(0, 0): (3, 30) (4, 23) (5, 21) (7, 15) (8, 13) (9, 12) (12, 9) (17, 7) (18, 6) (32, 4) (36, 3) 
(0, 1): (3, 30) (4, 23) (7, 15) (8, 14) (12, 11) (17, 8) (32, 5) 
(0, 2): (3, 30) (4, 23) (5, 22) (7, 15) (8, 13) (12, 10) (17, 7) (32, 4) 
(0, 3): 
(0, 4): 
(1, 0): (3, 30) (4, 23) (5, 21) (7, 15) (8, 13) (9, 12) (12, 9) (17, 7) (18, 6) (32, 4) (36, 3) 
(1, 1): (3, 30) (4, 23) (7, 15) (8, 14) (12, 11) (17, 8) (32, 5) 
(1, 2): (3, 30) (4, 23) (5, 22) (7, 15) (8, 13) (12, 10) (17, 7) (32, 4) 
(1, 3): 
(1, 4): 
(2, 0): (3, 30) (4, 23) (5, 21) (7, 15) (8, 13) (9, 12) (12, 9) (17, 7) (18, 6) (32, 4) (36, 3) 
(2, 1): (3, 30) (4, 23) (7, 15) (8, 14) (12, 11) (17, 8) (32, 5) 
(2, 2): (3, 30) (4, 23) (5, 22) (7, 15) (8, 13) (12, 10) (17, 7) (32, 4) 
(2, 3): 
(2, 4): 

73: 
(0, 0): (3, 11) (4, 9) (7, 6) (12, 4) (13, 3) 
(0, 1): (3, 11) (7, 8) (12, 5) 
(0, 2): (3, 11) (4, 10) (7, 7) (12, 4) 
(0, 3): 
(0, 4): 
(1, 0): (3, 11) (4, 9) (7, 6) (12, 4) (13, 3) 
(1, 1): (3, 11) (7, 8) (12, 5) 
(1, 2): (3, 11) (4, 10) (7, 7) (12, 4) 
(1, 3): 
(1, 4): 
(2, 0): (3, 11) (4, 9) (7, 6) (12, 4) (13, 3) 
(2, 1): (3, 11) (7, 8) (12, 5) 
(2, 2): (3, 11) (4, 10) (7, 7) (12, 4) 
(2, 3): 
(2, 4): 

74: 
(0, 0): (3, 29) (4, 24) (7, 15) (8, 13) (9, 12) (12, 9) (17, 7) (18, 6) (37, 3) 
(0, 1): (3, 29) (4, 26) (7, 15) (8, 14) (12, 11) (17, 8) (37, 5) 
(0, 2): (3, 29) (4, 25) (7, 15) (8, 13) (12, 10) (17, 7) (37, 4) 
(0, 3): 
(0, 4): 
(1, 0): (3, 29) (4, 24) (7, 15) (8, 13) (9, 12) (12, 9) (17, 7) (18, 6) (37, 3) 
(1, 1): (3, 29) (4, 26) (7, 15) (8, 14) (12, 11) (17, 8) (37, 5) 
(1, 2): (3, 29) (4, 25) (7, 15) (8, 13) (12, 10) (17, 7) (37, 4) 
(1, 3): 
(1, 4): 
(2, 0): (3, 29) (4, 24) (7, 15) (8, 13) (9, 12) (12, 9) (17, 7) (18, 6) (37, 3) 
(2, 1): (3, 29) (4, 26) (7, 15) (8, 14) (12, 11) (17, 8) (37, 5) 
(2, 2): (3, 29) (4, 25) (7, 15) (8, 13) (12, 10) (17, 7) (37, 4) 
(2, 3): 
(2, 4): 

75: 
(0, 0): (1, 71) (2, 36) (3, 24) (4, 18) (5, 15) (6, 12) (8, 11) (9, 9) (10, 8) (13, 7) (14, 6) (18, 5) (21, 4) (29, 3) (44, 2) (88, 1) 
(0, 1): (1, 71) (2, 36) (3, 24) (4, 18) (5, 15) (6, 12) (8, 11) (9, 9) (10, 8) (13, 7) (14, 6) (18, 5) (21, 4) (29, 3) (44, 2) (88, 1) 
(0, 2): (1, 71) (2, 36) (3, 24) (4, 18) (5, 15) (6, 12) (8, 11) (9, 9) (10, 8) (13, 7) (14, 6) (18, 5) (21, 4) (29, 3) (44, 2) (88, 1) 
(0, 3): (1, 71) (2, 36) (3, 24) (4, 18) (5, 15) (6, 12) (8, 11) (9, 9) (10, 8) (13, 7) (14, 6) (18, 5) (21, 4) (29, 3) (44, 2) (88, 1) 
(0, 4): (1, 71) (2, 36) (3, 24) (4, 18) (5, 15) (6, 12) (8, 11) (9, 9) (10, 8) (13, 7) (14, 6) (18, 5) (21, 4) (29, 3) (44, 2) (88, 1) 
(1, 0): (1, 71) (2, 36) (3, 24) (4, 18) (5, 15) (6, 12) (8, 11) (9, 9) (10, 8) (13, 7) (14, 6) (18, 5) (21, 4) (29, 3) (44, 2) (88, 1) 
(1, 1): (1, 71) (2, 36) (3, 24) (4, 18) (5, 15) (6, 12) (8, 11) (9, 9) (10, 8) (13, 7) (14, 6) (18, 5) (21, 4) (29, 3) (44, 2) (88, 1) 
(1, 2): (1, 71) (2, 36) (3, 24) (4, 18) (5, 15) (6, 12) (8, 11) (9, 9) (10, 8) (13, 7) (14, 6) (18, 5) (21, 4) (29, 3) (44, 2) (88, 1) 
(1, 3): (1, 71) (2, 36) (3, 24) (4, 18) (5, 15) (6, 12) (8, 11) (9, 9) (10, 8) (13, 7) (14, 6) (18, 5) (21, 4) (29, 3) (44, 2) (88, 1) 
(1, 4): (1, 71) (2, 36) (3, 24) (4, 18) (5, 15) (6, 12) (8, 11) (9, 9) (10, 8) (13, 7) (14, 6) (18, 5) (21, 4) (29, 3) (44, 2) (88, 1) 
(2, 0): (1, 71) (2, 36) (3, 24) (4, 18) (5, 15) (6, 12) (8, 11) (9, 9) (10, 8) (13, 7) (14, 6) (18, 5) (21, 4) (29, 3) (44, 2) (88, 1) 
(2, 1): (1, 71) (2, 36) (3, 24) (4, 18) (5, 15) (6, 12) (8, 11) (9, 9) (10, 8) (13, 7) (14, 6) (18, 5) (21, 4) (29, 3) (44, 2) (88, 1) 
(2, 2): (1, 71) (2, 36) (3, 24) (4, 18) (5, 15) (6, 12) (8, 11) (9, 9) (10, 8) (13, 7) (14, 6) (18, 5) (21, 4) (29, 3) (44, 2) (88, 1) 
(2, 3): (1, 71) (2, 36) (3, 24) (4, 18) (5, 15) (6, 12) (8, 11) (9, 9) (10, 8) (13, 7) (14, 6) (18, 5) (21, 4) (29, 3) (44, 2) (88, 1) 
(2, 4): (1, 71) (2, 36) (3, 24) (4, 18) (5, 15) (6, 12) (8, 11) (9, 9) (10, 8) (13, 7) (14, 6) (18, 5) (21, 4) (29, 3) (44, 2) (88, 1) 

76: 
(0, 0): (1, 76) (2, 38) (3, 26) (4, 19) (5, 16) (6, 13) (8, 11) (9, 10) (10, 9) (11, 8) (13, 7) (15, 6) (19, 5) (23, 4) (31, 3) (46, 2) (94, 1) 
(0, 1): (1, 76) (2, 38) (3, 26) (4, 19) (5, 16) (6, 13) (8, 11) (9, 10) (10, 9) (11, 8) (13, 7) (15, 6) (19, 5) (23, 4) (31, 3) (46, 2) (94, 1) 
(0, 2): (1, 76) (2, 38) (3, 26) (4, 19) (5, 16) (6, 13) (8, 11) (9, 10) (10, 9) (11, 8) (13, 7) (15, 6) (19, 5) (23, 4) (31, 3) (46, 2) (94, 1) 
(0, 3): (1, 76) (2, 38) (3, 26) (4, 19) (5, 16) (6, 13) (8, 11) (9, 10) (10, 9) (11, 8) (13, 7) (15, 6) (19, 5) (23, 4) (31, 3) (46, 2) (94, 1) 
(0, 4): (1, 76) (2, 38) (3, 26) (4, 19) (5, 16) (6, 13) (8, 11) (9, 10) (10, 9) (11, 8) (13, 7) (15, 6) (19, 5) (23, 4) (31, 3) (46, 2) (94, 1) 
(1, 0): (1, 76) (2, 38) (3, 26) (4, 19) (5, 16) (6, 13) (8, 11) (9, 10) (10, 9) (11, 8) (13, 7) (15, 6) (19, 5) (23, 4) (31, 3) (46, 2) (94, 1) 
(1, 1): (1, 76) (2, 38) (3, 26) (4, 19) (5, 16) (6, 13) (8, 11) (9, 10) (10, 9) (11, 8) (13, 7) (15, 6) (19, 5) (23, 4) (31, 3) (46, 2) (94, 1) 
(1, 2): (1, 76) (2, 38) (3, 26) (4, 19) (5, 16) (6, 13) (8, 11) (9, 10) (10, 9) (11, 8) (13, 7) (15, 6) (19, 5) (23, 4) (31, 3) (46, 2) (94, 1) 
(1, 3): (1, 76) (2, 38) (3, 26) (4, 19) (5, 16) (6, 13) (8, 11) (9, 10) (10, 9) (11, 8) (13, 7) (15, 6) (19, 5) (23, 4) (31, 3) (46, 2) (94, 1) 
(1, 4): (1, 76) (2, 38) (3, 26) (4, 19) (5, 16) (6, 13) (8, 11) (9, 10) (10, 9) (11, 8) (13, 7) (15, 6) (19, 5) (23, 4) (31, 3) (46, 2) (94, 1) 
(2, 0): (1, 76) (2, 38) (3, 26) (4, 19) (5, 16) (6, 13) (8, 11) (9, 10) (10, 9) (11, 8) (13, 7) (15, 6) (19, 5) (23, 4) (31, 3) (46, 2) (94, 1) 
(2, 1): (1, 76) (2, 38) (3, 26) (4, 19) (5, 16) (6, 13) (8, 11) (9, 10) (10, 9) (11, 8) (13, 7) (15, 6) (19, 5) (23, 4) (31, 3) (46, 2) (94, 1) 
(2, 2): (1, 76) (2, 38) (3, 26) (4, 19) (5, 16) (6, 13) (8, 11) (9, 10) (10, 9) (11, 8) (13, 7) (15, 6) (19, 5) (23, 4) (31, 3) (46, 2) (94, 1) 
(2, 3): (1, 76) (2, 38) (3, 26) (4, 19) (5, 16) (6, 13) (8, 11) (9, 10) (10, 9) (11, 8) (13, 7) (15, 6) (19, 5) (23, 4) (31, 3) (46, 2) (94, 1) 
(2, 4): (1, 76) (2, 38) (3, 26) (4, 19) (5, 16) (6, 13) (8, 11) (9, 10) (10, 9) (11, 8) (13, 7) (15, 6) (19, 5) (23, 4) (31, 3) (46, 2) (94, 1) 

77: 
(0, 0): (1, 17) (2, 9) (3, 6) (4, 5) (5, 4) (6, 3) (10, 2) (20, 1) 
(0, 1): (1, 17) (2, 9) (3, 6) (4, 5) (5, 4) (6, 3) (10, 2) (20, 1) 
(0, 2): (1, 17) (2, 9) (3, 6) (4, 5) (5, 4) (6, 3) (10, 2) (20, 1) 
(0, 3): (1, 17) (2, 9) (3, 6) (4, 5) (5, 4) (6, 3) (10, 2) (20, 1) 
(0, 4): (1, 17) (2, 9) (3, 6) (4, 5) (5, 4) (6, 3) (10, 2) (20, 1) 
(1, 0): (1, 17) (2, 9) (3, 6) (4, 5) (5, 4) (6, 3) (10, 2) (20, 1) 
(1, 1): (1, 17) (2, 9) (3, 6) (4, 5) (5, 4) (6, 3) (10, 2) (20, 1) 
(1, 2): (1, 17) (2, 9) (3, 6) (4, 5) (5, 4) (6, 3) (10, 2) (20, 1) 
(1, 3): (1, 17) (2, 9) (3, 6) (4, 5) (5, 4) (6, 3) (10, 2) (20, 1) 
(1, 4): (1, 17) (2, 9) (3, 6) (4, 5) (5, 4) (6, 3) (10, 2) (20, 1) 
(2, 0): (1, 17) (2, 9) (3, 6) (4, 5) (5, 4) (6, 3) (10, 2) (20, 1) 
(2, 1): (1, 17) (2, 9) (3, 6) (4, 5) (5, 4) (6, 3) (10, 2) (20, 1) 
(2, 2): (1, 17) (2, 9) (3, 6) (4, 5) (5, 4) (6, 3) (10, 2) (20, 1) 
(2, 3): (1, 17) (2, 9) (3, 6) (4, 5) (5, 4) (6, 3) (10, 2) (20, 1) 
(2, 4): (1, 17) (2, 9) (3, 6) (4, 5) (5, 4) (6, 3) (10, 2) (20, 1) 

78: 
(0, 0): (3, 5) (4, 4) (5, 3) 
(0, 1): (3, 5) 
(0, 2): (3, 5) (4, 4) 
(0, 3): 
(0, 4): 
(1, 0): (3, 5) (4, 4) (5, 3) 
(1, 1): (3, 5) 
(1, 2): (3, 5) (4, 4) 
(1, 3): 
(1, 4): 
(2, 0): (3, 5) (4, 4) (5, 3) 
(2, 1): (3, 5) 
(2, 2): (3, 5) (4, 4) 
(2, 3): 
(2, 4): 

79: 
(0, 0): (3, 14) (4, 10) (5, 8) (6, 7) (8, 6) (9, 5) (11, 4) (16, 3) 
(0, 1): (3, 14) (4, 10) (5, 8) (7, 7) (8, 6) (9, 5) 
(0, 2): (3, 14) (4, 10) (5, 8) (6, 7) (8, 6) (9, 5) (11, 4) 
(0, 3): 
(0, 4): 
(1, 0): (3, 14) (4, 10) (5, 8) (6, 7) (8, 6) (9, 5) (11, 4) (16, 3) 
(1, 1): (3, 14) (4, 10) (5, 8) (7, 7) (8, 6) (9, 5) 
(1, 2): (3, 14) (4, 10) (5, 8) (6, 7) (8, 6) (9, 5) (11, 4) 
(1, 3): 
(1, 4): 
(2, 0): (3, 14) (4, 10) (5, 8) (6, 7) (8, 6) (9, 5) (11, 4) (16, 3) 
(2, 1): (3, 14) (4, 10) (5, 8) (7, 7) (8, 6) (9, 5) 
(2, 2): (3, 14) (4, 10) (5, 8) (6, 7) (8, 6) (9, 5) (11, 4) 
(2, 3): 
(2, 4): 

80: 
(0, 0): (3, 24) (7, 12) (12, 9) (17, 6) (37, 3) 
(0, 1): (3, 26) (7, 14) (12, 11) (17, 8) (37, 5) 
(0, 2): (3, 25) (7, 13) (12, 10) (17, 7) (37, 4) 
(0, 3): 
(0, 4): 
(1, 0): (3, 24) (7, 12) (12, 9) (17, 6) (37, 3) 
(1, 1): (3, 26) (7, 14) (12, 11) (17, 8) (37, 5) 
(1, 2): (3, 25) (7, 13) (12, 10) (17, 7) (37, 4) 
(1, 3): 
(1, 4): 
(2, 0): (3, 24) (7, 12) (12, 9) (17, 6) (37, 3) 
(2, 1): (3, 26) (7, 14) (12, 11) (17, 8) (37, 5) 
(2, 2): (3, 25) (7, 13) (12, 10) (17, 7) (37, 4) 
(2, 3): 
(2, 4): 

81: 
(0, 0): (3, 9) (7, 6) (12, 3) 
(0, 1): (3, 11) (7, 8) (12, 5) 
(0, 2): (3, 10) (7, 7) (12, 4) 
(0, 3): 
(0, 4): 
(1, 0): (3, 9) (7, 6) (12, 3) 
(1, 1): (3, 11) (7, 8) (12, 5) 
(1, 2): (3, 10) (7, 7) (12, 4) 
(1, 3): 
(1, 4): 
(2, 0): (3, 9) (7, 6) (12, 3) 
(2, 1): (3, 11) (7, 8) (12, 5) 
(2, 2): (3, 10) (7, 7) (12, 4) 
(2, 3): 
(2, 4): 

82: 
(0, 0): (3, 37) (4, 28) (5, 23) (6, 19) (8, 16) (9, 14) (10, 13) (11, 12) (13, 11) (14, 10) (15, 9) (16, 8) (19, 7) (23, 6) (28, 5) (34, 4) (45, 3) 
(0, 1): (3, 37) (4, 28) (5, 23) (6, 19) (8, 16) (9, 14) (10, 13) (11, 12) (13, 11) (14, 10) (15, 9) (16, 8) (19, 7) (23, 6) (28, 5) 
(0, 2): (3, 37) (4, 28) (5, 23) (6, 19) (8, 16) (9, 14) (10, 13) (11, 12) (13, 11) (14, 10) (15, 9) (16, 8) (19, 7) (23, 6) (28, 5) (34, 4) 
(0, 3): 
(0, 4): 
(1, 0): (3, 37) (4, 28) (5, 23) (6, 19) (8, 16) (9, 14) (10, 13) (11, 12) (13, 11) (14, 10) (15, 9) (16, 8) (19, 7) (23, 6) (28, 5) (34, 4) (45, 3) 
(1, 1): (3, 37) (4, 28) (5, 23) (6, 19) (8, 16) (9, 14) (10, 13) (11, 12) (13, 11) (14, 10) (15, 9) (16, 8) (19, 7) (23, 6) (28, 5) 
(1, 2): (3, 37) (4, 28) (5, 23) (6, 19) (8, 16) (9, 14) (10, 13) (11, 12) (13, 11) (14, 10) (15, 9) (16, 8) (19, 7) (23, 6) (28, 5) (34, 4) 
(1, 3): 
(1, 4): 
(2, 0): (3, 37) (4, 28) (5, 23) (6, 19) (8, 16) (9, 14) (10, 13) (11, 12) (13, 11) (14, 10) (15, 9) (16, 8) (19, 7) (23, 6) (28, 5) (34, 4) (45, 3) 
(2, 1): (3, 37) (4, 28) (5, 23) (6, 19) (8, 16) (9, 14) (10, 13) (11, 12) (13, 11) (14, 10) (15, 9) (16, 8) (19, 7) (23, 6) (28, 5) 
(2, 2): (3, 37) (4, 28) (5, 23) (6, 19) (8, 16) (9, 14) (10, 13) (11, 12) (13, 11) (14, 10) (15, 9) (16, 8) (19, 7) (23, 6) (28, 5) (34, 4) 
(2, 3): 
(2, 4): 

83: 
(0, 0): (3, 35) (4, 26) (5, 21) (6, 18) (8, 15) (9, 13) (10, 12) (11, 11) (13, 10) (14, 9) (15, 8) (18, 7) (21, 6) (25, 5) (31, 4) (43, 3) 
(0, 1): (3, 35) (4, 26) (5, 21) (6, 18) (8, 15) (9, 13) (10, 12) (11, 11) (13, 10) (14, 9) (15, 8) (18, 7) (21, 6) (25, 5) 
(0, 2): (3, 35) (4, 26) (5, 21) (6, 18) (8, 15) (9, 13) (10, 12) (11, 11) (13, 10) (14, 9) (15, 8) (18, 7) (21, 6) (25, 5) (31, 4) 
(0, 3): 
(0, 4): 
(1, 0): (3, 35) (4, 26) (5, 21) (6, 18) (8, 15) (9, 13) (10, 12) (11, 11) (13, 10) (14, 9) (15, 8) (18, 7) (21, 6) (25, 5) (31, 4) (43, 3) 
(1, 1): (3, 35) (4, 26) (5, 21) (6, 18) (8, 15) (9, 13) (10, 12) (11, 11) (13, 10) (14, 9) (15, 8) (18, 7) (21, 6) (25, 5) 
(1, 2): (3, 35) (4, 26) (5, 21) (6, 18) (8, 15) (9, 13) (10, 12) (11, 11) (13, 10) (14, 9) (15, 8) (18, 7) (21, 6) (25, 5) (31, 4) 
(1, 3): 
(1, 4): 
(2, 0): (3, 35) (4, 26) (5, 21) (6, 18) (8, 15) (9, 13) (10, 12) (11, 11) (13, 10) (14, 9) (15, 8) (18, 7) (21, 6) (25, 5) (31, 4) (43, 3) 
(2, 1): (3, 35) (4, 26) (5, 21) (6, 18) (8, 15) (9, 13) (10, 12) (11, 11) (13, 10) (14, 9) (15, 8) (18, 7) (21, 6) (25, 5) 
(2, 2): (3, 35) (4, 26) (5, 21) (6, 18) (8, 15) (9, 13) (10, 12) (11, 11) (13, 10) (14, 9) (15, 8) (18, 7) (21, 6) (25, 5) (31, 4) 
(2, 3): 
(2, 4): 

84: 
(0, 0): (3, 34) (4, 26) (5, 21) (6, 17) (8, 15) (9, 13) (10, 12) (11, 11) (13, 10) (14, 9) (15, 8) (18, 7) (20, 6) (25, 5) (31, 4) (41, 3) 
(0, 1): (3, 34) (4, 26) (5, 21) (6, 17) (8, 15) (9, 13) (10, 12) (11, 11) (13, 10) (14, 9) (15, 8) (18, 7) (20, 6) (25, 5) 
(0, 2): (3, 34) (4, 26) (5, 21) (6, 17) (8, 15) (9, 13) (10, 12) (11, 11) (13, 10) (14, 9) (15, 8) (18, 7) (20, 6) (25, 5) (31, 4) 
(0, 3): 
(0, 4): 
(1, 0): (3, 34) (4, 26) (5, 21) (6, 17) (8, 15) (9, 13) (10, 12) (11, 11) (13, 10) (14, 9) (15, 8) (18, 7) (20, 6) (25, 5) (31, 4) (41, 3) 
(1, 1): (3, 34) (4, 26) (5, 21) (6, 17) (8, 15) (9, 13) (10, 12) (11, 11) (13, 10) (14, 9) (15, 8) (18, 7) (20, 6) (25, 5) 
(1, 2): (3, 34) (4, 26) (5, 21) (6, 17) (8, 15) (9, 13) (10, 12) (11, 11) (13, 10) (14, 9) (15, 8) (18, 7) (20, 6) (25, 5) (31, 4) 
(1, 3): 
(1, 4): 
(2, 0): (3, 34) (4, 26) (5, 21) (6, 17) (8, 15) (9, 13) (10, 12) (11, 11) (13, 10) (14, 9) (15, 8) (18, 7) (20, 6) (25, 5) (31, 4) (41, 3) 
(2, 1): (3, 34) (4, 26) (5, 21) (6, 17) (8, 15) (9, 13) (10, 12) (11, 11) (13, 10) (14, 9) (15, 8) (18, 7) (20, 6) (25, 5) 
(2, 2): (3, 34) (4, 26) (5, 21) (6, 17) (8, 15) (9, 13) (10, 12) (11, 11) (13, 10) (14, 9) (15, 8) (18, 7) (20, 6) (25, 5) (31, 4) 
(2, 3): 
(2, 4): 

85: 
(0, 0): (3, 28) (4, 27) (7, 15) (12, 9) (22, 6) (42, 3) 
(0, 1): (3, 29) (7, 17) (12, 11) (22, 8) (42, 5) 
(0, 2): (3, 28) (7, 16) (12, 10) (22, 7) (42, 4) 
(0, 3): 
(0, 4): 
(1, 0): (3, 28) (4, 27) (7, 15) (12, 9) (22, 6) (42, 3) 
(1, 1): (3, 29) (7, 17) (12, 11) (22, 8) (42, 5) 
(1, 2): (3, 28) (7, 16) (12, 10) (22, 7) (42, 4) 
(1, 3): 
(1, 4): 
(2, 0): (3, 28) (4, 27) (7, 15) (12, 9) (22, 6) (42, 3) 
(2, 1): (3, 29) (7, 17) (12, 11) (22, 8) (42, 5) 
(2, 2): (3, 28) (7, 16) (12, 10) (22, 7) (42, 4) 
(2, 3): 
(2, 4): 

86: 
(0, 0): (3, 3) 
(0, 1): 
(0, 2): 
(0, 3): 
(0, 4): 
(1, 0): (3, 3) 
(1, 1): 
(1, 2): 
(1, 3): 
(1, 4): 
(2, 0): (3, 3) 
(2, 1): 
(2, 2): 
(2, 3): 
(2, 4): 

87: 
(0, 0): (3, 30) (7, 15) (12, 12) (17, 9) (22, 6) (47, 3) 
(0, 1): (3, 32) (7, 17) (12, 14) (17, 11) (22, 8) (47, 5) 
(0, 2): (3, 31) (7, 16) (12, 13) (17, 10) (22, 7) (47, 4) 
(0, 3): 
(0, 4): 
(1, 0): (3, 30) (7, 15) (12, 12) (17, 9) (22, 6) (47, 3) 
(1, 1): (3, 32) (7, 17) (12, 14) (17, 11) (22, 8) (47, 5) 
(1, 2): (3, 31) (7, 16) (12, 13) (17, 10) (22, 7) (47, 4) 
(1, 3): 
(1, 4): 
(2, 0): (3, 30) (7, 15) (12, 12) (17, 9) (22, 6) (47, 3) 
(2, 1): (3, 32) (7, 17) (12, 14) (17, 11) (22, 8) (47, 5) 
(2, 2): (3, 31) (7, 16) (12, 13) (17, 10) (22, 7) (47, 4) 
(2, 3): 
(2, 4): 

88: 
(0, 0): (1, 61) (2, 31) (3, 21) (4, 16) (5, 13) (6, 11) (8, 9) (9, 8) (10, 7) (13, 6) (15, 5) (19, 4) (25, 3) (38, 2) (75, 1) 
(0, 1): (1, 61) (2, 31) (3, 21) (4, 16) (5, 13) (6, 11) (8, 9) (9, 8) (10, 7) (13, 6) (15, 5) (19, 4) (25, 3) (38, 2) (75, 1) 
(0, 2): (1, 61) (2, 31) (3, 21) (4, 16) (5, 13) (6, 11) (8, 9) (9, 8) (10, 7) (13, 6) (15, 5) (19, 4) (25, 3) (38, 2) (75, 1) 
(0, 3): (1, 61) (2, 31) (3, 21) (4, 16) (5, 13) (6, 11) (8, 9) (9, 8) (10, 7) (13, 6) (15, 5) (19, 4) (25, 3) (38, 2) (75, 1) 
(0, 4): (1, 61) (2, 31) (3, 21) (4, 16) (5, 13) (6, 11) (8, 9) (9, 8) (10, 7) (13, 6) (15, 5) (19, 4) (25, 3) (38, 2) (75, 1) 
(1, 0): (1, 61) (2, 31) (3, 21) (4, 16) (5, 13) (6, 11) (8, 9) (9, 8) (10, 7) (13, 6) (15, 5) (19, 4) (25, 3) (38, 2) (75, 1) 
(1, 1): (1, 61) (2, 31) (3, 21) (4, 16) (5, 13) (6, 11) (8, 9) (9, 8) (10, 7) (13, 6) (15, 5) (19, 4) (25, 3) (38, 2) (75, 1) 
(1, 2): (1, 61) (2, 31) (3, 21) (4, 16) (5, 13) (6, 11) (8, 9) (9, 8) (10, 7) (13, 6) (15, 5) (19, 4) (25, 3) (38, 2) (75, 1) 
(1, 3): (1, 61) (2, 31) (3, 21) (4, 16) (5, 13) (6, 11) (8, 9) (9, 8) (10, 7) (13, 6) (15, 5) (19, 4) (25, 3) (38, 2) (75, 1) 
(1, 4): (1, 61) (2, 31) (3, 21) (4, 16) (5, 13) (6, 11) (8, 9) (9, 8) (10, 7) (13, 6) (15, 5) (19, 4) (25, 3) (38, 2) (75, 1) 
(2, 0): (1, 61) (2, 31) (3, 21) (4, 16) (5, 13) (6, 11) (8, 9) (9, 8) (10, 7) (13, 6) (15, 5) (19, 4) (25, 3) (38, 2) (75, 1) 
(2, 1): (1, 61) (2, 31) (3, 21) (4, 16) (5, 13) (6, 11) (8, 9) (9, 8) (10, 7) (13, 6) (15, 5) (19, 4) (25, 3) (38, 2) (75, 1) 
(2, 2): (1, 61) (2, 31) (3, 21) (4, 16) (5, 13) (6, 11) (8, 9) (9, 8) (10, 7) (13, 6) (15, 5) (19, 4) (25, 3) (38, 2) (75, 1) 
(2, 3): (1, 61) (2, 31) (3, 21) (4, 16) (5, 13) (6, 11) (8, 9) (9, 8) (10, 7) (13, 6) (15, 5) (19, 4) (25, 3) (38, 2) (75, 1) 
(2, 4): (1, 61) (2, 31) (3, 21) (4, 16) (5, 13) (6, 11) (8, 9) (9, 8) (10, 7) (13, 6) (15, 5) (19, 4) (25, 3) (38, 2) (75, 1) 

89: 
(0, 0): (3, 38) (4, 28) (5, 23) (6, 19) (8, 16) (9, 14) (10, 13) (11, 12) (13, 11) (14, 10) (15, 9) (16, 8) (19, 7) (23, 6) (28, 5) (34, 4) (46, 3) 
(0, 1): (3, 38) (4, 28) (5, 23) (6, 19) (8, 16) (9, 14) (10, 13) (11, 12) (13, 11) (14, 10) (15, 9) (16, 8) (19, 7) (23, 6) (28, 5) 
(0, 2): (3, 38) (4, 28) (5, 23) (6, 19) (8, 16) (9, 14) (10, 13) (11, 12) (13, 11) (14, 10) (15, 9) (16, 8) (19, 7) (23, 6) (28, 5) (34, 4) 
(0, 3): 
(0, 4): 
(1, 0): (3, 38) (4, 28) (5, 23) (6, 19) (8, 16) (9, 14) (10, 13) (11, 12) (13, 11) (14, 10) (15, 9) (16, 8) (19, 7) (23, 6) (28, 5) (34, 4) (46, 3) 
(1, 1): (3, 38) (4, 28) (5, 23) (6, 19) (8, 16) (9, 14) (10, 13) (11, 12) (13, 11) (14, 10) (15, 9) (16, 8) (19, 7) (23, 6) (28, 5) 
(1, 2): (3, 38) (4, 28) (5, 23) (6, 19) (8, 16) (9, 14) (10, 13) (11, 12) (13, 11) (14, 10) (15, 9) (16, 8) (19, 7) (23, 6) (28, 5) (34, 4) 
(1, 3): 
(1, 4): 
(2, 0): (3, 38) (4, 28) (5, 23) (6, 19) (8, 16) (9, 14) (10, 13) (11, 12) (13, 11) (14, 10) (15, 9) (16, 8) (19, 7) (23, 6) (28, 5) (34, 4) (46, 3) 
(2, 1): (3, 38) (4, 28) (5, 23) (6, 19) (8, 16) (9, 14) (10, 13) (11, 12) (13, 11) (14, 10) (15, 9) (16, 8) (19, 7) (23, 6) (28, 5) 
(2, 2): (3, 38) (4, 28) (5, 23) (6, 19) (8, 16) (9, 14) (10, 13) (11, 12) (13, 11) (14, 10) (15, 9) (16, 8) (19, 7) (23, 6) (28, 5) (34, 4) 
(2, 3): 
(2, 4): 

90: 
(0, 0): (1, 48) (2, 24) (3, 16) (4, 12) (5, 10) (6, 8) (8, 7) (9, 6) (11, 5) (14, 4) (19, 3) (29, 2) (59, 1) 
(0, 1): (1, 48) (2, 24) (3, 16) (4, 12) (5, 10) (6, 8) (8, 7) (9, 6) (11, 5) (14, 4) (19, 3) (29, 2) (59, 1) 
(0, 2): (1, 48) (2, 24) (3, 16) (4, 12) (5, 10) (6, 8) (8, 7) (9, 6) (11, 5) (14, 4) (19, 3) (29, 2) (59, 1) 
(0, 3): (1, 48) (2, 24) (3, 16) (4, 12) (5, 10) (6, 8) (8, 7) (9, 6) (11, 5) (14, 4) (19, 3) (29, 2) (59, 1) 
(0, 4): (1, 48) (2, 24) (3, 16) (4, 12) (5, 10) (6, 8) (8, 7) (9, 6) (11, 5) (14, 4) (19, 3) (29, 2) (59, 1) 
(1, 0): (1, 48) (2, 24) (3, 16) (4, 12) (5, 10) (6, 8) (8, 7) (9, 6) (11, 5) (14, 4) (19, 3) (29, 2) (59, 1) 
(1, 1): (1, 48) (2, 24) (3, 16) (4, 12) (5, 10) (6, 8) (8, 7) (9, 6) (11, 5) (14, 4) (19, 3) (29, 2) (59, 1) 
(1, 2): (1, 48) (2, 24) (3, 16) (4, 12) (5, 10) (6, 8) (8, 7) (9, 6) (11, 5) (14, 4) (19, 3) (29, 2) (59, 1) 
(1, 3): (1, 48) (2, 24) (3, 16) (4, 12) (5, 10) (6, 8) (8, 7) (9, 6) (11, 5) (14, 4) (19, 3) (29, 2) (59, 1) 
(1, 4): (1, 48) (2, 24) (3, 16) (4, 12) (5, 10) (6, 8) (8, 7) (9, 6) (11, 5) (14, 4) (19, 3) (29, 2) (59, 1) 
(2, 0): (1, 48) (2, 24) (3, 16) (4, 12) (5, 10) (6, 8) (8, 7) (9, 6) (11, 5) (14, 4) (19, 3) (29, 2) (59, 1) 
(2, 1): (1, 48) (2, 24) (3, 16) (4, 12) (5, 10) (6, 8) (8, 7) (9, 6) (11, 5) (14, 4) (19, 3) (29, 2) (59, 1) 
(2, 2): (1, 48) (2, 24) (3, 16) (4, 12) (5, 10) (6, 8) (8, 7) (9, 6) (11, 5) (14, 4) (19, 3) (29, 2) (59, 1) 
(2, 3): (1, 48) (2, 24) (3, 16) (4, 12) (5, 10) (6, 8) (8, 7) (9, 6) (11, 5) (14, 4) (19, 3) (29, 2) (59, 1) 
(2, 4): (1, 48) (2, 24) (3, 16) (4, 12) (5, 10) (6, 8) (8, 7) (9, 6) (11, 5) (14, 4) (19, 3) (29, 2) (59, 1) 

91: 
(0, 0): (3, 12) (7, 6) (17, 3) 
(0, 1): (3, 14) (7, 8) (17, 5) 
(0, 2): (3, 13) (7, 7) (17, 4) 
(0, 3): 
(0, 4): 
(1, 0): (3, 12) (7, 6) (17, 3) 
(1, 1): (3, 14) (7, 8) (17, 5) 
(1, 2): (3, 13) (7, 7) (17, 4) 
(1, 3): 
(1, 4): 
(2, 0): (3, 12) (7, 6) (17, 3) 
(2, 1): (3, 14) (7, 8) (17, 5) 
(2, 2): (3, 13) (7, 7) (17, 4) 
(2, 3): 
(2, 4): 

92: 
(0, 0): (3, 18) (7, 9) (12, 6) (27, 3) 
(0, 1): (3, 20) (7, 11) (12, 8) (27, 5) 
(0, 2): (3, 19) (7, 10) (12, 7) (27, 4) 
(0, 3): 
(0, 4): 
(1, 0): (3, 18) (7, 9) (12, 6) (27, 3) 
(1, 1): (3, 20) (7, 11) (12, 8) (27, 5) 
(1, 2): (3, 19) (7, 10) (12, 7) (27, 4) 
(1, 3): 
(1, 4): 
(2, 0): (3, 18) (7, 9) (12, 6) (27, 3) 
(2, 1): (3, 20) (7, 11) (12, 8) (27, 5) 
(2, 2): (3, 19) (7, 10) (12, 7) (27, 4) 
(2, 3): 
(2, 4): 

93: 
(0, 0): (3, 30) (7, 15) (12, 12) (17, 9) (22, 6) (47, 3) 
(0, 1): (7, 17) (12, 14) (17, 11) (22, 8) (47, 5) 
(0, 2): (7, 16) (12, 13) (17, 10) (22, 7) (47, 4) 
(0, 3): 
(0, 4): 
(1, 0): (3, 30) (7, 15) (12, 12) (17, 9) (22, 6) (47, 3) 
(1, 1): (7, 17) (12, 14) (17, 11) (22, 8) (47, 5) 
(1, 2): (7, 16) (12, 13) (17, 10) (22, 7) (47, 4) 
(1, 3): 
(1, 4): 
(2, 0): (3, 30) (7, 15) (12, 12) (17, 9) (22, 6) (47, 3) 
(2, 1): (7, 17) (12, 14) (17, 11) (22, 8) (47, 5) 
(2, 2): (7, 16) (12, 13) (17, 10) (22, 7) (47, 4) 
(2, 3): 
(2, 4): 

94: 
(0, 0): (3, 9) (7, 6) (12, 3) 
(0, 1): (7, 8) (12, 5) 
(0, 2): (7, 7) (12, 4) 
(0, 3): 
(0, 4): 
(1, 0): (3, 9) (7, 6) (12, 3) 
(1, 1): (7, 8) (12, 5) 
(1, 2): (7, 7) (12, 4) 
(1, 3): 
(1, 4): 
(2, 0): (3, 9) (7, 6) (12, 3) 
(2, 1): (7, 8) (12, 5) 
(2, 2): (7, 7) (12, 4) 
(2, 3): 
(2, 4): 

95: 
(0, 0): (3, 34) (4, 26) (5, 21) (6, 17) (8, 15) (9, 13) (10, 12) (11, 11) (13, 10) (14, 9) (15, 8) (18, 7) (20, 6) (25, 5) (31, 4) (41, 3) 
(0, 1): (3, 34) (4, 26) (5, 21) (6, 17) (8, 15) (9, 13) (10, 12) (11, 11) (13, 10) (14, 9) (15, 8) (18, 7) (20, 6) (25, 5) 
(0, 2): (3, 34) (4, 26) (5, 21) (6, 17) (8, 15) (9, 13) (10, 12) (11, 11) (13, 10) (14, 9) (15, 8) (18, 7) (20, 6) (25, 5) (31, 4) 
(0, 3): 
(0, 4): 
(1, 0): (3, 34) (4, 26) (5, 21) (6, 17) (8, 15) (9, 13) (10, 12) (11, 11) (13, 10) (14, 9) (15, 8) (18, 7) (20, 6) (25, 5) (31, 4) (41, 3) 
(1, 1): (3, 34) (4, 26) (5, 21) (6, 17) (8, 15) (9, 13) (10, 12) (11, 11) (13, 10) (14, 9) (15, 8) (18, 7) (20, 6) (25, 5) 
(1, 2): (3, 34) (4, 26) (5, 21) (6, 17) (8, 15) (9, 13) (10, 12) (11, 11) (13, 10) (14, 9) (15, 8) (18, 7) (20, 6) (25, 5) (31, 4) 
(1, 3): 
(1, 4): 
(2, 0): (3, 34) (4, 26) (5, 21) (6, 17) (8, 15) (9, 13) (10, 12) (11, 11) (13, 10) (14, 9) (15, 8) (18, 7) (20, 6) (25, 5) (31, 4) (41, 3) 
(2, 1): (3, 34) (4, 26) (5, 21) (6, 17) (8, 15) (9, 13) (10, 12) (11, 11) (13, 10) (14, 9) (15, 8) (18, 7) (20, 6) (25, 5) 
(2, 2): (3, 34) (4, 26) (5, 21) (6, 17) (8, 15) (9, 13) (10, 12) (11, 11) (13, 10) (14, 9) (15, 8) (18, 7) (20, 6) (25, 5) (31, 4) 
(2, 3): 
(2, 4): 

96: 
(0, 0): (3, 19) (4, 15) (7, 10) (8, 9) (12, 6) (22, 4) (23, 3) 
(0, 1): (3, 19) (4, 17) (7, 11) (12, 8) (22, 5) 
(0, 2): (3, 19) (4, 16) (7, 10) (12, 7) (22, 4) 
(0, 3): 
(0, 4): 
(1, 0): (3, 19) (4, 15) (7, 10) (8, 9) (12, 6) (22, 4) (23, 3) 
(1, 1): (3, 19) (4, 17) (7, 11) (12, 8) (22, 5) 
(1, 2): (3, 19) (4, 16) (7, 10) (12, 7) (22, 4) 
(1, 3): 
(1, 4): 
(2, 0): (3, 19) (4, 15) (7, 10) (8, 9) (12, 6) (22, 4) (23, 3) 
(2, 1): (3, 19) (4, 17) (7, 11) (12, 8) (22, 5) 
(2, 2): (3, 19) (4, 16) (7, 10) (12, 7) (22, 4) 
(2, 3): 
(2, 4): 

97: 
(0, 0): (3, 21) (7, 12) (12, 9) (17, 6) (32, 3) 
(0, 1): (3, 23) (7, 14) (12, 11) (17, 8) (32, 5) 
(0, 2): (3, 22) (7, 13) (12, 10) (17, 7) (32, 4) 
(0, 3): 
(0, 4): 
(1, 0): (3, 21) (7, 12) (12, 9) (17, 6) (32, 3) 
(1, 1): (3, 23) (7, 14) (12, 11) (17, 8) (32, 5) 
(1, 2): (3, 22) (7, 13) (12, 10) (17, 7) (32, 4) 
(1, 3): 
(1, 4): 
(2, 0): (3, 21) (7, 12) (12, 9) (17, 6) (32, 3) 
(2, 1): (3, 23) (7, 14) (12, 11) (17, 8) (32, 5) 
(2, 2): (3, 22) (7, 13) (12, 10) (17, 7) (32, 4) 
(2, 3): 
(2, 4): 

98: 
(0, 0): (3, 40) (4, 30) (5, 24) (6, 20) (8, 17) (9, 15) (10, 14) (11, 12) (13, 11) (14, 10) (16, 9) (18, 8) (20, 7) (24, 6) (29, 5) (36, 4) (49, 3) 
(0, 1): (3, 40) (4, 30) (5, 24) (6, 20) (8, 17) (9, 15) (10, 14) (11, 12) (13, 11) (14, 10) (16, 9) (18, 8) (27, 6) (29, 5) 
(0, 2): (3, 40) (4, 30) (5, 24) (6, 20) (8, 17) (9, 15) (10, 14) (11, 12) (13, 11) (14, 10) (16, 9) (18, 8) (20, 7) (27, 6) (29, 5) (36, 4) 
(0, 3): 
(0, 4): 
(1, 0): (3, 40) (4, 30) (5, 24) (6, 20) (8, 17) (9, 15) (10, 14) (11, 12) (13, 11) (14, 10) (16, 9) (18, 8) (20, 7) (24, 6) (29, 5) (36, 4) (49, 3) 
(1, 1): (3, 40) (4, 30) (5, 24) (6, 20) (8, 17) (9, 15) (10, 14) (11, 12) (13, 11) (14, 10) (16, 9) (18, 8) (27, 6) (29, 5) 
(1, 2): (3, 40) (4, 30) (5, 24) (6, 20) (8, 17) (9, 15) (10, 14) (11, 12) (13, 11) (14, 10) (16, 9) (18, 8) (20, 7) (27, 6) (29, 5) (36, 4) 
(1, 3): 
(1, 4): 
(2, 0): (3, 40) (4, 30) (5, 24) (6, 20) (8, 17) (9, 15) (10, 14) (11, 12) (13, 11) (14, 10) (16, 9) (18, 8) (20, 7) (24, 6) (29, 5) (36, 4) (49, 3) 
(2, 1): (3, 40) (4, 30) (5, 24) (6, 20) (8, 17) (9, 15) (10, 14) (11, 12) (13, 11) (14, 10) (16, 9) (18, 8) (27, 6) (29, 5) 
(2, 2): (3, 40) (4, 30) (5, 24) (6, 20) (8, 17) (9, 15) (10, 14) (11, 12) (13, 11) (14, 10) (16, 9) (18, 8) (20, 7) (27, 6) (29, 5) (36, 4) 
(2, 3): 
(2, 4): 

99: 
(0, 0): (1, 50) (2, 25) (3, 17) (4, 13) (5, 10) (6, 9) (8, 8) (9, 7) (10, 6) (11, 5) (15, 4) (20, 3) (30, 2) (61, 1) 
(0, 1): (1, 50) (2, 25) (3, 17) (4, 13) (5, 10) (6, 9) (8, 8) (9, 7) (10, 6) (11, 5) (15, 4) (20, 3) (30, 2) (61, 1) 
(0, 2): (1, 50) (2, 25) (3, 17) (4, 13) (5, 10) (6, 9) (8, 8) (9, 7) (10, 6) (11, 5) (15, 4) (20, 3) (30, 2) (61, 1) 
(0, 3): (1, 50) (2, 25) (3, 17) (4, 13) (5, 10) (6, 9) (8, 8) (9, 7) (10, 6) (11, 5) (15, 4) (20, 3) (30, 2) (61, 1) 
(0, 4): (1, 50) (2, 25) (3, 17) (4, 13) (5, 10) (6, 9) (8, 8) (9, 7) (10, 6) (11, 5) (15, 4) (20, 3) (30, 2) (61, 1) 
(1, 0): (1, 50) (2, 25) (3, 17) (4, 13) (5, 10) (6, 9) (8, 8) (9, 7) (10, 6) (11, 5) (15, 4) (20, 3) (30, 2) (61, 1) 
(1, 1): (1, 50) (2, 25) (3, 17) (4, 13) (5, 10) (6, 9) (8, 8) (9, 7) (10, 6) (11, 5) (15, 4) (20, 3) (30, 2) (61, 1) 
(1, 2): (1, 50) (2, 25) (3, 17) (4, 13) (5, 10) (6, 9) (8, 8) (9, 7) (10, 6) (11, 5) (15, 4) (20, 3) (30, 2) (61, 1) 
(1, 3): (1, 50) (2, 25) (3, 17) (4, 13) (5, 10) (6, 9) (8, 8) (9, 7) (10, 6) (11, 5) (15, 4) (20, 3) (30, 2) (61, 1) 
(1, 4): (1, 50) (2, 25) (3, 17) (4, 13) (5, 10) (6, 9) (8, 8) (9, 7) (10, 6) (11, 5) (15, 4) (20, 3) (30, 2) (61, 1) 
(2, 0): (1, 50) (2, 25) (3, 17) (4, 13) (5, 10) (6, 9) (8, 8) (9, 7) (10, 6) (11, 5) (15, 4) (20, 3) (30, 2) (61, 1) 
(2, 1): (1, 50) (2, 25) (3, 17) (4, 13) (5, 10) (6, 9) (8, 8) (9, 7) (10, 6) (11, 5) (15, 4) (20, 3) (30, 2) (61, 1) 
(2, 2): (1, 50) (2, 25) (3, 17) (4, 13) (5, 10) (6, 9) (8, 8) (9, 7) (10, 6) (11, 5) (15, 4) (20, 3) (30, 2) (61, 1) 
(2, 3): (1, 50) (2, 25) (3, 17) (4, 13) (5, 10) (6, 9) (8, 8) (9, 7) (10, 6) (11, 5) (15, 4) (20, 3) (30, 2) (61, 1) 
(2, 4): (1, 50) (2, 25) (3, 17) (4, 13) (5, 10) (6, 9) (8, 8) (9, 7) (10, 6) (11, 5) (15, 4) (20, 3) (30, 2) (61, 1) 

